asim +access +rw  $UVMSIM +UVM_VERBOSITY=UVM_FULL
# ELBREAD: Elaboration process.
# ELBREAD: Warning: Module 'simple_if' does not have a `timescale directive, but previous modules do.
# ELBREAD: Warning: Module 'simple' does not have a `timescale directive, but previous modules do.
# ELBREAD: Warning: Package 'uvm_pkg' does not have a `timescale directive, but previous modules do.
# ELBREAD: Warning: Package 'vw_go2uvm_pkg' does not have a `timescale directive, but previous modules do.
# ELBREAD: Warning: Package 'std' does not have a `timescale directive, but previous modules do.
# ELBREAD: Elaboration time 1.4 [s].
# KERNEL: Main thread initiated.
# KERNEL: Kernel process initialization phase.
# KERNEL: Time resolution set to 1ns.
# ELAB2: Elaboration final pass...
# KERNEL: PLI/VHPI kernel's engine initialization done.
# PLI: Loading library '/home/student/tools/eda/riviera-pro-2014.10/bin/libsystf.so'
# KERNEL: Info: Loading library:  /home/student/tools/eda/riviera-pro-2014.10/bin/uvm_1_1d_dpi
# ELAB2: Create instances ...
# ELAB2: Create instances complete.
# SLP: Started
# SLP: Elaboration phase ...
# SLP: Elaboration phase ... done : 0.1 [s]
# SLP: Generation phase ...
# SLP: Generation phase ... done : 0.3 [s]
# SLP: Finished : 0.5 [s]
# SLP: 0 primitives and 1 (16.67%) other processes in SLP
# SLP: 39 (0.12%) signals in SLP and 78 (0.23%) interface signals
# ELAB2: Elaboration final pass complete - time: 5.4 [s].
# KERNEL: SLP loading done - time: 0.0 [s].
# KERNEL: SLP simulation initialization done - time: 0.0 [s].
# KERNEL: Kernel process initialization done.
# Allocation: Simulator allocated 47468 kB (elbread=22759 elab2=22249 kernel=2459 sdf=0)
# KERNEL: ----------------------------------------------------------------
# KERNEL: UVM-1.1  d
# KERNEL: (C) 2007-2013 Mentor Graphics Corporation
# KERNEL: (C) 2007-2013 Cadence Design Systems, Inc.
# KERNEL: (C) 2006-2013 Synopsys, Inc.
# KERNEL: (C) 2011-2013 Cypress Semiconductor Corp.
# KERNEL: ----------------------------------------------------------------
# KERNEL: 
# KERNEL:   ***********       IMPORTANT RELEASE NOTES         ************
# KERNEL: 
# KERNEL:   You are using a version of the UVM library that has been compiled
# KERNEL:   with `UVM_NO_DEPRECATED undefined.
# KERNEL:   See http://www.eda.org/svdb/view.php?id=3313 for more details.
# KERNEL: 
# KERNEL:   You are using a version of the UVM library that has been compiled
# KERNEL:   with `UVM_OBJECT_MUST_HAVE_CONSTRUCTOR undefined.
# KERNEL:   See http://www.eda.org/svdb/view.php?id=3770 for more details.
# KERNEL: 
# KERNEL:       (Specify +UVM_NO_RELNOTES to turn off this notice)
# KERNEL: 
# KERNEL: Assertion failures tracking enabled, report enabled, unlimited, action Continue. Assertion passes tracking enabled, report disabled, unlimited.
# KERNEL: ASDB file was created in location /home/student/siva/may/simple_inc/run/dataset.asdb
wave -rec sim:/* 
# KERNEL: Warning: KERNEL_0286 Tracing SystemVerilog chandle is not supported in this release. Please contact Aldec Support to receive the latest status.
# KERNEL: Warning: KERNEL_0286 Tracing SystemVerilog chandle is not supported in this release. Please contact Aldec Support to receive the latest status.
# KERNEL: Warning: KERNEL_0286 Tracing SystemVerilog chandle is not supported in this release. Please contact Aldec Support to receive the latest status.
# VSIM: 545 object(s) traced.
# VSIM: 3 object(s) omitted (unsupported types).
run -all;
# KERNEL: UVM_INFO @ 0.00 ns: Go2UVM [Go2UVM] RELNOTES 
# KERNEL: 
# KERNEL: ----------------------------------------------------------------
# KERNEL: (C) 2004-2016 Verifworks a venture of CVC Pvt Ltd. 
# KERNEL:  VW_Go2UVM Version 1.1d.5 (Verifworks http://www.verifworks.com )
# KERNEL: 
# KERNEL:   ***********       IMPORTANT RELEASE NOTES         ************
# KERNEL: 
# KERNEL:   You are using a version of the Go2UVM Package from VerifWorks 
# KERNEL:   a venture of CVC Pvt Ltd http://www.cvcblr.com
# KERNEL:   See http://www.verifworks.com for more details 
# KERNEL: 
# KERNEL: ----------------------------------------------------------------
# KERNEL: 
# KERNEL: UVM_INFO @ 0.00 ns: reporter [RNTST] Running test ...
# KERNEL: Error: Immediate assert condition 'aim1b' FAILED at time: 0ns, ../dut/simple.sv(16), scope: simple_go2uvm.simple_0
# KERNEL: UVM_INFO /home/student/siva/may/simple_inc/uvm/simple_go2uvm.sv(82) @ 0.00 ns: Go2UVM [Go2UVM] Start of reset
# KERNEL: Error: Immediate assert condition 'aim1' FAILED at time: 5ns, ../dut/simple.sv(10), scope: simple_go2uvm.simple_0
# KERNEL: Error: Immediate assert condition 'aim1' FAILED at time: 15ns, ../dut/simple.sv(10), scope: simple_go2uvm.simple_0
# KERNEL: Error: Immediate assert condition 'aim1' FAILED at time: 25ns, ../dut/simple.sv(10), scope: simple_go2uvm.simple_0
# KERNEL: Error: Immediate assert condition 'aim1' FAILED at time: 35ns, ../dut/simple.sv(10), scope: simple_go2uvm.simple_0
# KERNEL: Error: Immediate assert condition 'aim1' FAILED at time: 45ns, ../dut/simple.sv(10), scope: simple_go2uvm.simple_0
# KERNEL: Error: Immediate assert condition 'aim1' FAILED at time: 55ns, ../dut/simple.sv(10), scope: simple_go2uvm.simple_0
# KERNEL: UVM_INFO /home/student/siva/may/simple_inc/uvm/simple_go2uvm.sv(88) @ 55.00 ns: Go2UVM [Go2UVM] End of reset
# KERNEL: UVM_INFO @ 55.00 ns: Go2UVM [Go2UVM] Driving stimulus via UVM
# KERNEL: UVM_INFO /home/student/siva/may/simple_inc/uvm/simple_go2uvm.sv(91) @ 55.00 ns: Go2UVM [Go2UVM] Start of main
# KERNEL: Error: Immediate assert condition 'aim1' FAILED at time: 65ns, ../dut/simple.sv(10), scope: simple_go2uvm.simple_0
# KERNEL: Error: Immediate assert condition 'aim1' FAILED at time: 75ns, ../dut/simple.sv(10), scope: simple_go2uvm.simple_0
# KERNEL: Error: Assertion 'ap1' FAILED at time: 135ns (14 clk), ../dut/simple.sv(7), scope: simple_go2uvm.simple_0, start-time: 115ns (12 clk)
# KERNEL: Error: Assertion 'ap1' FAILED at time: 135ns (14 clk), ../dut/simple.sv(7), scope: simple_go2uvm.simple_0, start-time: 105ns (11 clk)
# KERNEL: Error: Assertion 'ap1' FAILED at time: 145ns (15 clk), ../dut/simple.sv(7), scope: simple_go2uvm.simple_0, start-time: 125ns (13 clk)
# RUNTIME: Info: RUNTIME_0068 simple_go2uvm.sv (112): $finish called.
# KERNEL: Time: 425 ns,  Iteration: 0,  Instance: /\package uvm.uvm_pkg\/uvm_task_phase,  Process: @INTERNAL#137_0@.
# KERNEL: stopped at time: 425 ns
# VSIM: Simulation has finished. There are no more test vectors to simulate.
quit
