asim +access +rw  $UVMSIM +UVM_VERBOSITY=UVM_FULL
# ELBREAD: Elaboration process.
# ELBREAD: Warning: Module 'sva_if' does not have a `timescale directive, but previous modules do.
# ELBREAD: Warning: Package 'uvm_pkg' does not have a `timescale directive, but previous modules do.
# ELBREAD: Warning: Package 'vw_go2uvm_pkg' does not have a `timescale directive, but previous modules do.
# ELBREAD: Warning: Package 'std' does not have a `timescale directive, but previous modules do.
# ELBREAD: Elaboration time 0.8 [s].
# KERNEL: Main thread initiated.
# KERNEL: Kernel process initialization phase.
# KERNEL: Time resolution set to 100ps.
# ELAB2: Elaboration final pass...
# KERNEL: PLI/VHPI kernel's engine initialization done.
# PLI: Loading library '/home/student/tools/eda/Riviera-PRO_2015.06/bin/libsystf.so'
# KERNEL: Info: Loading library:  /home/student/tools/eda/Riviera-PRO_2015.06/bin/uvm_1_1d_dpi
# ELAB2: Create instances ...
# ELAB2: Create instances complete.
# SLP: Started
# SLP: Elaboration phase ...
# SLP: Elaboration phase ... done : 0.0 [s]
# SLP: Generation phase ...
# SLP: Generation phase ... done : 0.1 [s]
# SLP: Finished : 0.2 [s]
# SLP: 0 primitives and 3 (18.75%) other processes in SLP
# SLP: 6 (0.02%) signals in SLP and 30 (0.11%) interface signals
# ELAB2: Elaboration final pass complete - time: 1.8 [s].
# KERNEL: SLP loading done - time: 0.0 [s].
# KERNEL: SLP simulation initialization done - time: 0.0 [s].
# KERNEL: Kernel process initialization done.
# Allocation: Simulator allocated 45805 kB (elbread=22378 elab2=21110 kernel=2316 sdf=0)
# KERNEL: ----------------------------------------------------------------
# KERNEL: UVM-1.1  d
# KERNEL: (C) 2007-2013 Mentor Graphics Corporation
# KERNEL: (C) 2007-2013 Cadence Design Systems, Inc.
# KERNEL: (C) 2006-2013 Synopsys, Inc.
# KERNEL: (C) 2011-2013 Cypress Semiconductor Corp.
# KERNEL: ----------------------------------------------------------------
# KERNEL: 
# KERNEL:   ***********       IMPORTANT RELEASE NOTES         ************
# KERNEL: 
# KERNEL:   You are using a version of the UVM library that has been compiled
# KERNEL:   with `UVM_NO_DEPRECATED undefined.
# KERNEL:   See http://www.eda.org/svdb/view.php?id=3313 for more details.
# KERNEL: 
# KERNEL:   You are using a version of the UVM library that has been compiled
# KERNEL:   with `UVM_OBJECT_MUST_HAVE_CONSTRUCTOR undefined.
# KERNEL:   See http://www.eda.org/svdb/view.php?id=3770 for more details.
# KERNEL: 
# KERNEL:       (Specify +UVM_NO_RELNOTES to turn off this notice)
# KERNEL: 
# KERNEL: Assertion failures tracking enabled, report enabled, unlimited, action Continue. Assertion passes tracking enabled, report disabled, unlimited.
# KERNEL: Cover tracking enabled, report enabled, action Continue. 
# KERNEL: ASDB file was created in location /home/student/Shivmurthy/chap_4_corrected/ch4.5.1.5b/run/dataset.asdb
wave -rec sim:/* 
run -all;
# KERNEL: UVM_INFO @ 0: Go2UVM [Go2UVM ] RELNOTES
# KERNEL: 
# KERNEL: ----------------------------------------------------------------
# KERNEL: (C) 2004-2014 VerifWorks a venture of CVC Pvt Ltd. 
# KERNEL:  VW_Go2UVM Version 1.1d.5 (VerifWorks a venture of CVC Pvt Ltd http://www.verifworks.com )
# KERNEL: 
# KERNEL:   ***********       IMPORTANT RELEASE NOTES         ************
# KERNEL: 
# KERNEL:   You are using a version of the Go2UVM Package from VerifWorks a venture of CVC Pvt Ltd www.verifworks.com
# KERNEL:   See http://www.go2uvm.org for more details 
# KERNEL: 
# KERNEL: ----------------------------------------------------------------
# KERNEL: UVM_INFO @ 0: reporter [RNTST] Running test ...
# KERNEL: UVM_INFO /home/student/Shivmurthy/chap_4_corrected/ch4.5.1.5b/uvm/uvm.sv(35) @ 0.000 ns: Go2UVM [Go2UVM] Start of reset
# KERNEL: Warning: Cover 'cp_incorrect' COMPLETED VACUOUSLY at time: 10ns (1 clk), ../dut/dut.sv(31), scope: top.dut, start-time: 10ns (1 clk)
# KERNEL: Warning: Cover 'cp_incorrect' COMPLETED VACUOUSLY at time: 30ns (2 clk), ../dut/dut.sv(31), scope: top.dut, start-time: 30ns (2 clk)
# KERNEL: Warning: Cover 'cp_incorrect' COMPLETED VACUOUSLY at time: 50ns (3 clk), ../dut/dut.sv(31), scope: top.dut, start-time: 50ns (3 clk)
# KERNEL: Warning: Cover 'cp_incorrect' COMPLETED VACUOUSLY at time: 70ns (4 clk), ../dut/dut.sv(31), scope: top.dut, start-time: 70ns (4 clk)
# KERNEL: Warning: Cover 'cp_incorrect' COMPLETED VACUOUSLY at time: 90ns (5 clk), ../dut/dut.sv(31), scope: top.dut, start-time: 90ns (5 clk)
# KERNEL: Warning: Cover 'cp_incorrect' COMPLETED VACUOUSLY at time: 110ns (6 clk), ../dut/dut.sv(31), scope: top.dut, start-time: 110ns (6 clk)
# KERNEL: Warning: Cover 'cp_incorrect' COMPLETED VACUOUSLY at time: 130ns (7 clk), ../dut/dut.sv(31), scope: top.dut, start-time: 130ns (7 clk)
# KERNEL: Warning: Cover 'cp_incorrect' COMPLETED VACUOUSLY at time: 150ns (8 clk), ../dut/dut.sv(31), scope: top.dut, start-time: 150ns (8 clk)
# KERNEL: Warning: Cover 'cp_incorrect' COMPLETED VACUOUSLY at time: 170ns (9 clk), ../dut/dut.sv(31), scope: top.dut, start-time: 170ns (9 clk)
# KERNEL: UVM_INFO /home/student/Shivmurthy/chap_4_corrected/ch4.5.1.5b/uvm/uvm.sv(37) @ 190.000 ns: Go2UVM [Go2UVM] End of reset
# KERNEL: UVM_INFO @ 190.000 ns: Go2UVM [Go2UVM] Driving stimulus via UVM
# KERNEL: UVM_INFO /home/student/Shivmurthy/chap_4_corrected/ch4.5.1.5b/uvm/uvm.sv(41) @ 190.000 ns: Go2UVM [Go2UVM] Start of Test
# KERNEL: Warning: Cover 'cp_incorrect' COMPLETED VACUOUSLY at time: 190ns (10 clk), ../dut/dut.sv(31), scope: top.dut, start-time: 190ns (10 clk)
# KERNEL: Warning: Cover 'cp_incorrect' COMPLETED VACUOUSLY at time: 210ns (11 clk), ../dut/dut.sv(31), scope: top.dut, start-time: 210ns (11 clk)
# KERNEL: Warning: Cover 'cp_incorrect' COMPLETED VACUOUSLY at time: 230ns (12 clk), ../dut/dut.sv(31), scope: top.dut, start-time: 230ns (12 clk)
# KERNEL: Warning: Cover 'cp_incorrect' COMPLETED VACUOUSLY at time: 250ns (13 clk), ../dut/dut.sv(31), scope: top.dut, start-time: 250ns (13 clk)
# KERNEL: Warning: Cover 'cp_incorrect' COMPLETED VACUOUSLY at time: 270ns (14 clk), ../dut/dut.sv(31), scope: top.dut, start-time: 270ns (14 clk)
# KERNEL: Warning: Cover 'cp_incorrect' COMPLETED VACUOUSLY at time: 290ns (15 clk), ../dut/dut.sv(31), scope: top.dut, start-time: 290ns (15 clk)
# KERNEL: Warning: Cover 'cp_incorrect' COMPLETED VACUOUSLY at time: 310ns (16 clk), ../dut/dut.sv(31), scope: top.dut, start-time: 310ns (16 clk)
# KERNEL: Warning: Cover 'cp_incorrect' COMPLETED VACUOUSLY at time: 330ns (17 clk), ../dut/dut.sv(31), scope: top.dut, start-time: 330ns (17 clk)
# KERNEL: Warning: Cover 'cp_incorrect' COMPLETED VACUOUSLY at time: 350ns (18 clk), ../dut/dut.sv(31), scope: top.dut, start-time: 350ns (18 clk)
# KERNEL: Warning: Cover 'cp_incorrect' COMPLETED VACUOUSLY at time: 370ns (19 clk), ../dut/dut.sv(31), scope: top.dut, start-time: 370ns (19 clk)
# KERNEL: Warning: Cover 'cp_incorrect' COMPLETED VACUOUSLY at time: 390ns (20 clk), ../dut/dut.sv(31), scope: top.dut, start-time: 390ns (20 clk)
# KERNEL: Warning: Cover 'cp_incorrect' COMPLETED VACUOUSLY at time: 410ns (21 clk), ../dut/dut.sv(31), scope: top.dut, start-time: 410ns (21 clk)
# KERNEL: Warning: Cover 'cp_incorrect' COMPLETED VACUOUSLY at time: 430ns (22 clk), ../dut/dut.sv(31), scope: top.dut, start-time: 430ns (22 clk)
# KERNEL: Warning: Cover 'cp_incorrect' COMPLETED VACUOUSLY at time: 450ns (23 clk), ../dut/dut.sv(31), scope: top.dut, start-time: 450ns (23 clk)
# KERNEL: Warning: Cover 'cp_incorrect' COMPLETED VACUOUSLY at time: 470ns (24 clk), ../dut/dut.sv(31), scope: top.dut, start-time: 470ns (24 clk)
# KERNEL: Warning: Cover 'cp_incorrect' COMPLETED VACUOUSLY at time: 490ns (25 clk), ../dut/dut.sv(31), scope: top.dut, start-time: 490ns (25 clk)
# KERNEL: Warning: Cover 'cp_incorrect' COMPLETED VACUOUSLY at time: 510ns (26 clk), ../dut/dut.sv(31), scope: top.dut, start-time: 510ns (26 clk)
# KERNEL: Error: Assertion 'ap_incorrect_1' FAILED at time: 610ns (31 clk), ../dut/dut.sv(40), scope: top.dut, start-time: 530ns (27 clk)
# KERNEL: Error: Assertion 'ap_incorrect_1' FAILED at time: 630ns (32 clk), ../dut/dut.sv(40), scope: top.dut, start-time: 550ns (28 clk)
# KERNEL: Error: Assertion 'ap_incorrect_1' FAILED at time: 650ns (33 clk), ../dut/dut.sv(40), scope: top.dut, start-time: 570ns (29 clk)
# KERNEL: Error: Assertion 'ap_incorrect_1' FAILED at time: 670ns (34 clk), ../dut/dut.sv(40), scope: top.dut, start-time: 590ns (30 clk)
# KERNEL: 670.000 ns top.dut.ap_correct_count_2 lv_count is 5
# AKERNEL: Warning: An extra evaluation of assertion 'ap_correct_count_2' started at time 530ns (27 clk) with alternative data values was dropped at time 670ns (34 clk), ../dut/dut.sv(82). Enable extra feature to get all available results.
# KERNEL: Warning: Cover 'cp_correct_3' COMPLETED at time: 670ns (34 clk), ../dut/dut.sv(90), scope: top.dut, start-time: 530ns (27 clk)
# KERNEL: Error: Assertion 'ap_incorrect_1' FAILED at time: 690ns (35 clk), ../dut/dut.sv(40), scope: top.dut, start-time: 610ns (31 clk)
# KERNEL: 690.000 ns top.dut.ap_correct_count_2 lv_count is 5
# AKERNEL: Warning: An extra evaluation of assertion 'ap_correct_count_2' started at time 550ns (28 clk) with alternative data values was dropped at time 690ns (35 clk), ../dut/dut.sv(82). Enable extra feature to get all available results.
# KERNEL: Warning: Cover 'cp_correct_3' COMPLETED at time: 690ns (35 clk), ../dut/dut.sv(90), scope: top.dut, start-time: 550ns (28 clk)
# KERNEL: UVM_INFO /home/student/Shivmurthy/chap_4_corrected/ch4.5.1.5b/uvm/uvm.sv(59) @ 710.000 ns: Go2UVM [Go2UVM] End of Test
# KERNEL: UVM_INFO @ 710.000 ns: Go2UVM [Go2UVM] End of stimulus
# KERNEL: UVM_INFO @ 710.000 ns: Go2UVM [Go2UVM] Thanks for using VW's Go2UVM Package, provide your feedback at http://www.go2uvm.org
# KERNEL: 
# KERNEL: --- UVM Report Summary ---
# KERNEL: 
# KERNEL: ** Report counts by severity
# KERNEL: UVM_INFO :    9
# KERNEL: UVM_WARNING :    0
# KERNEL: UVM_ERROR :    0
# KERNEL: UVM_FATAL :    0
# KERNEL: ** Report counts by id
# KERNEL: [Go2UVM]     7
# KERNEL: [Go2UVM ]     1
# KERNEL: [RNTST]     1
# RUNTIME: Info: RUNTIME_0068 uvm_root.svh (433): $finish called.
# KERNEL: Time: 710 ns,  Iteration: 67,  Instance: /top,  Process: @INITIAL#84_1@.
# KERNEL: stopped at time: 710 ns
# VSIM: Simulation has finished. There are no more test vectors to simulate.
quit
# KERNEL: Warning: Cover 'cp_incorrect' thread NOT FINISHED, ../dut/dut.sv(31), scope: top.dut, start-time: 650ns (33 clk)
# KERNEL: Warning: Cover 'cp_incorrect' thread NOT FINISHED, ../dut/dut.sv(31), scope: top.dut, start-time: 630ns (32 clk)
# KERNEL: Warning: Cover 'cp_incorrect' thread NOT FINISHED, ../dut/dut.sv(31), scope: top.dut, start-time: 610ns (31 clk)
# KERNEL: Warning: Cover 'cp_incorrect' thread NOT FINISHED, ../dut/dut.sv(31), scope: top.dut, start-time: 590ns (30 clk)
# KERNEL: Warning: Cover 'cp_incorrect' thread NOT FINISHED, ../dut/dut.sv(31), scope: top.dut, start-time: 570ns (29 clk)
# KERNEL: Warning: Cover 'cp_incorrect' thread NOT FINISHED, ../dut/dut.sv(31), scope: top.dut, start-time: 550ns (28 clk)
# KERNEL: Warning: Cover 'cp_incorrect' thread NOT FINISHED, ../dut/dut.sv(31), scope: top.dut, start-time: 530ns (27 clk)
# KERNEL: Warning: Cover 'cp_incorrect' thread NOT FINISHED, ../dut/dut.sv(31), scope: top.dut, start-time: 670ns (34 clk)
# KERNEL: Warning: Cover 'cp_incorrect' thread NOT FINISHED, ../dut/dut.sv(31), scope: top.dut, start-time: 690ns (35 clk)
# KERNEL: Warning: Assertion 'ap_incorrect_1' NOT FINISHED, ../dut/dut.sv(40), scope: top.dut, start-time: 630ns (32 clk)
# KERNEL: Warning: Assertion 'ap_incorrect_1' NOT FINISHED, ../dut/dut.sv(40), scope: top.dut, start-time: 650ns (33 clk)
# KERNEL: Warning: Assertion 'ap_incorrect_1' NOT FINISHED, ../dut/dut.sv(40), scope: top.dut, start-time: 670ns (34 clk)
# KERNEL: Warning: Assertion 'ap_incorrect_1' NOT FINISHED, ../dut/dut.sv(40), scope: top.dut, start-time: 690ns (35 clk)
# KERNEL: Warning: Assertion 'ap_incorrect_2' NOT FINISHED, ../dut/dut.sv(58), scope: top.dut, start-time: 530ns (27 clk)
# KERNEL: Warning: Assertion 'ap_incorrect_2' NOT FINISHED, ../dut/dut.sv(58), scope: top.dut, start-time: 550ns (28 clk)
# KERNEL: Warning: Assertion 'ap_incorrect_2' NOT FINISHED, ../dut/dut.sv(58), scope: top.dut, start-time: 570ns (29 clk)
# KERNEL: Warning: Assertion 'ap_incorrect_2' NOT FINISHED, ../dut/dut.sv(58), scope: top.dut, start-time: 590ns (30 clk)
# KERNEL: Warning: Assertion 'ap_incorrect_2' NOT FINISHED, ../dut/dut.sv(58), scope: top.dut, start-time: 610ns (31 clk)
# KERNEL: Warning: Assertion 'ap_incorrect_2' NOT FINISHED, ../dut/dut.sv(58), scope: top.dut, start-time: 630ns (32 clk)
# KERNEL: Warning: Assertion 'ap_incorrect_2' NOT FINISHED, ../dut/dut.sv(58), scope: top.dut, start-time: 650ns (33 clk)
# KERNEL: Warning: Assertion 'ap_incorrect_2' NOT FINISHED, ../dut/dut.sv(58), scope: top.dut, start-time: 670ns (34 clk)
# KERNEL: Warning: Assertion 'ap_incorrect_2' NOT FINISHED, ../dut/dut.sv(58), scope: top.dut, start-time: 690ns (35 clk)
# KERNEL: Warning: Assertion 'ap_correct_1' NOT FINISHED, ../dut/dut.sv(67), scope: top.dut, start-time: 570ns (29 clk)
# KERNEL: Warning: Assertion 'ap_correct_1' NOT FINISHED, ../dut/dut.sv(67), scope: top.dut, start-time: 590ns (30 clk)
# KERNEL: Warning: Assertion 'ap_correct_1' NOT FINISHED, ../dut/dut.sv(67), scope: top.dut, start-time: 610ns (31 clk)
# KERNEL: Warning: Assertion 'ap_correct_1' NOT FINISHED, ../dut/dut.sv(67), scope: top.dut, start-time: 630ns (32 clk)
# KERNEL: Warning: Assertion 'ap_correct_1' NOT FINISHED, ../dut/dut.sv(67), scope: top.dut, start-time: 650ns (33 clk)
# KERNEL: Warning: Assertion 'ap_correct_1' NOT FINISHED, ../dut/dut.sv(67), scope: top.dut, start-time: 670ns (34 clk)
# KERNEL: Warning: Assertion 'ap_correct_1' NOT FINISHED, ../dut/dut.sv(67), scope: top.dut, start-time: 690ns (35 clk)
# KERNEL: Warning: Assertion 'ap_correct_count_2' NOT FINISHED, ../dut/dut.sv(82), scope: top.dut, start-time: 570ns (29 clk)
# KERNEL: Warning: Assertion 'ap_correct_count_2' NOT FINISHED, ../dut/dut.sv(82), scope: top.dut, start-time: 590ns (30 clk)
# KERNEL: Warning: Assertion 'ap_correct_count_2' NOT FINISHED, ../dut/dut.sv(82), scope: top.dut, start-time: 610ns (31 clk)
# KERNEL: Warning: Assertion 'ap_correct_count_2' NOT FINISHED, ../dut/dut.sv(82), scope: top.dut, start-time: 630ns (32 clk)
# KERNEL: Warning: Assertion 'ap_correct_count_2' NOT FINISHED, ../dut/dut.sv(82), scope: top.dut, start-time: 650ns (33 clk)
# KERNEL: Warning: Assertion 'ap_correct_count_2' NOT FINISHED, ../dut/dut.sv(82), scope: top.dut, start-time: 670ns (34 clk)
# KERNEL: Warning: Assertion 'ap_correct_count_2' NOT FINISHED, ../dut/dut.sv(82), scope: top.dut, start-time: 690ns (35 clk)
# KERNEL: Warning: Cover 'cp_correct_3' thread NOT FINISHED, ../dut/dut.sv(90), scope: top.dut, start-time: 570ns (29 clk)
# KERNEL: Warning: Cover 'cp_correct_3' thread NOT FINISHED, ../dut/dut.sv(90), scope: top.dut, start-time: 590ns (30 clk)
# KERNEL: Warning: Cover 'cp_correct_3' thread NOT FINISHED, ../dut/dut.sv(90), scope: top.dut, start-time: 610ns (31 clk)
# KERNEL: Warning: Cover 'cp_correct_3' thread NOT FINISHED, ../dut/dut.sv(90), scope: top.dut, start-time: 630ns (32 clk)
# KERNEL: Warning: Cover 'cp_correct_3' thread NOT FINISHED, ../dut/dut.sv(90), scope: top.dut, start-time: 650ns (33 clk)
# KERNEL: Warning: Cover 'cp_correct_3' thread NOT FINISHED, ../dut/dut.sv(90), scope: top.dut, start-time: 670ns (34 clk)
# KERNEL: Warning: Cover 'cp_correct_3' thread NOT FINISHED, ../dut/dut.sv(90), scope: top.dut, start-time: 690ns (35 clk)
# VSIM: Simulation has finished.
