asim +access +rw  $UVMSIM +UVM_VERBOSITY=UVM_FULL
# ELBREAD: Elaboration process.
# ELBREAD: Warning: Module 'top1' does not have a `timescale directive, but previous modules do.
# ELBREAD: Warning: Module 'sva_if' does not have a `timescale directive, but previous modules do.
# ELBREAD: Warning: Module 'test' does not have a `timescale directive, but previous modules do.
# ELBREAD: Warning: Package 'uvm_pkg' does not have a `timescale directive, but previous modules do.
# ELBREAD: Warning: Package 'vw_go2uvm_pkg' does not have a `timescale directive, but previous modules do.
# ELBREAD: Warning: Package 'std' does not have a `timescale directive, but previous modules do.
# ELBREAD: Elaboration time 0.7 [s].
# KERNEL: Main thread initiated.
# KERNEL: Kernel process initialization phase.
# KERNEL: Time resolution set to 100ps.
# ELAB2: Elaboration final pass...
# KERNEL: PLI/VHPI kernel's engine initialization done.
# PLI: Loading library '/home/student/tools/eda/Riviera-PRO_2015.06/bin/libsystf.so'
# KERNEL: Info: Loading library:  /home/student/tools/eda/Riviera-PRO_2015.06/bin/uvm_1_1d_dpi
# ELAB2: Warning: ELAB2_0113 Task or function "$assertcontrol" not defined in module "test" from library "work".
# ELAB2: Create instances ...
# ELAB2: Create instances complete.
# SLP: Started
# SLP: Elaboration phase ...
# ELAB2: Warning: ELAB2_0044 assertion_control.sv (44): Task or function "$assertcontrol" not defined.
# ELAB2: Warning: ELAB2_0044 assertion_control.sv (48): Task or function "$assertcontrol" not defined.
# ELAB2: Warning: ELAB2_0044 assertion_control.sv (54): Task or function "$assertcontrol" not defined.
# ELAB2: Warning: ELAB2_0044 assertion_control.sv (59): Task or function "$assertcontrol" not defined.
# ELAB2: Warning: ELAB2_0044 assertion_control.sv (68): Task or function "$assertcontrol" not defined.
# ELAB2: Warning: ELAB2_0044 assertion_control.sv (76): Task or function "$assertcontrol" not defined.
# ELAB2: Warning: ELAB2_0044 assertion_control.sv (78): Task or function "$assertcontrol" not defined.
# SLP: Elaboration phase ... done : 0.0 [s]
# SLP: Generation phase ...
# SLP: Generation phase ... done : 0.2 [s]
# SLP: Finished : 0.2 [s]
# SLP: 0 primitives and 5 (31.25%) other processes in SLP
# SLP: 8 (0.03%) signals in SLP and 42 (0.16%) interface signals
# ELAB2: Elaboration final pass complete - time: 1.9 [s].
# KERNEL: SLP loading done - time: 0.0 [s].
# KERNEL: SLP simulation initialization done - time: 0.0 [s].
# KERNEL: Kernel process initialization done.
# Allocation: Simulator allocated 45787 kB (elbread=22382 elab2=21089 kernel=2315 sdf=0)
# KERNEL: ----------------------------------------------------------------
# KERNEL: UVM-1.1  d
# KERNEL: (C) 2007-2013 Mentor Graphics Corporation
# KERNEL: (C) 2007-2013 Cadence Design Systems, Inc.
# KERNEL: (C) 2006-2013 Synopsys, Inc.
# KERNEL: (C) 2011-2013 Cypress Semiconductor Corp.
# KERNEL: ----------------------------------------------------------------
# KERNEL: 
# KERNEL:   ***********       IMPORTANT RELEASE NOTES         ************
# KERNEL: 
# KERNEL:   You are using a version of the UVM library that has been compiled
# KERNEL:   with `UVM_NO_DEPRECATED undefined.
# KERNEL:   See http://www.eda.org/svdb/view.php?id=3313 for more details.
# KERNEL: 
# KERNEL:   You are using a version of the UVM library that has been compiled
# KERNEL:   with `UVM_OBJECT_MUST_HAVE_CONSTRUCTOR undefined.
# KERNEL:   See http://www.eda.org/svdb/view.php?id=3770 for more details.
# KERNEL: 
# KERNEL:       (Specify +UVM_NO_RELNOTES to turn off this notice)
# KERNEL: 
# KERNEL: Assertion failures tracking enabled, report enabled, unlimited, action Continue. Assertion passes tracking enabled, report disabled, unlimited.
# KERNEL: Cover tracking enabled, report enabled, action Continue. 
# KERNEL: ASDB file was created in location /home/student/Shivmurthy/chap_4_corrected/assertion_control/run/dataset.asdb
wave -rec sim:/* 
run -all;
# KERNEL: UVM_INFO @ 0: Go2UVM [Go2UVM ] RELNOTES
# KERNEL: 
# KERNEL: ----------------------------------------------------------------
# KERNEL: (C) 2004-2014 VerifWorks a venture of CVC Pvt Ltd. 
# KERNEL:  VW_Go2UVM Version 1.1d.5 (VerifWorks a venture of CVC Pvt Ltd http://www.verifworks.com )
# KERNEL: 
# KERNEL:   ***********       IMPORTANT RELEASE NOTES         ************
# KERNEL: 
# KERNEL:   You are using a version of the Go2UVM Package from VerifWorks a venture of CVC Pvt Ltd www.verifworks.com
# KERNEL:   See http://www.go2uvm.org for more details 
# KERNEL: 
# KERNEL: ----------------------------------------------------------------
# KERNEL: UVM_INFO @ 0: reporter [RNTST] Running test ...
# KERNEL: UVM_INFO /home/student/Shivmurthy/chap_4_corrected/assertion_control/uvm/assertion_control.sv(37) @ 0.000 ns: Go2UVM [Go2UVM] Start of reset
# KERNEL: Error: Immediate assert condition 'ia1' FAILED at time: 10ns, ../dut/assertion_control.sv(23), scope: top.dut
# KERNEL: Info: /home/student/Shivmurthy/chap_4_corrected/assertion_control/dut/assertion_control.sv (19): assert passed
# KERNEL: ap1 pass
# KERNEL: Error: Immediate assert condition 'ia1' FAILED at time: 30ns, ../dut/assertion_control.sv(23), scope: top.dut
# KERNEL: Info: /home/student/Shivmurthy/chap_4_corrected/assertion_control/dut/assertion_control.sv (19): assert passed
# KERNEL: ap1 pass
# KERNEL: Error: Immediate assert condition 'ia1' FAILED at time: 50ns, ../dut/assertion_control.sv(23), scope: top.dut
# KERNEL: Info: /home/student/Shivmurthy/chap_4_corrected/assertion_control/dut/assertion_control.sv (19): assert passed
# KERNEL: ap1 pass
# KERNEL: Error: Immediate assert condition 'ia1' FAILED at time: 70ns, ../dut/assertion_control.sv(23), scope: top.dut
# KERNEL: Info: /home/student/Shivmurthy/chap_4_corrected/assertion_control/dut/assertion_control.sv (19): assert passed
# KERNEL: ap1 pass
# KERNEL: Error: Immediate assert condition 'ia1' FAILED at time: 90ns, ../dut/assertion_control.sv(23), scope: top.dut
# KERNEL: Info: /home/student/Shivmurthy/chap_4_corrected/assertion_control/dut/assertion_control.sv (19): assert passed
# KERNEL: ap1 pass
# KERNEL: Error: Immediate assert condition 'ia1' FAILED at time: 110ns, ../dut/assertion_control.sv(23), scope: top.dut
# KERNEL: Info: /home/student/Shivmurthy/chap_4_corrected/assertion_control/dut/assertion_control.sv (19): assert passed
# KERNEL: ap1 pass
# KERNEL: Error: Immediate assert condition 'ia1' FAILED at time: 130ns, ../dut/assertion_control.sv(23), scope: top.dut
# KERNEL: Info: /home/student/Shivmurthy/chap_4_corrected/assertion_control/dut/assertion_control.sv (19): assert passed
# KERNEL: ap1 pass
# KERNEL: Error: Immediate assert condition 'ia1' FAILED at time: 150ns, ../dut/assertion_control.sv(23), scope: top.dut
# KERNEL: Info: /home/student/Shivmurthy/chap_4_corrected/assertion_control/dut/assertion_control.sv (19): assert passed
# KERNEL: ap1 pass
# KERNEL: Error: Immediate assert condition 'ia1' FAILED at time: 170ns, ../dut/assertion_control.sv(23), scope: top.dut
# KERNEL: Info: /home/student/Shivmurthy/chap_4_corrected/assertion_control/dut/assertion_control.sv (19): assert passed
# KERNEL: ap1 pass
# KERNEL: Error: Immediate assert condition 'ia1' FAILED at time: 190ns, ../dut/assertion_control.sv(23), scope: top.dut
# KERNEL: UVM_INFO /home/student/Shivmurthy/chap_4_corrected/assertion_control/uvm/assertion_control.sv(39) @ 190.000 ns: Go2UVM [Go2UVM] End of reset
# KERNEL: UVM_INFO @ 190.000 ns: Go2UVM [Go2UVM] Driving stimulus via UVM
# KERNEL: UVM_INFO /home/student/Shivmurthy/chap_4_corrected/assertion_control/uvm/assertion_control.sv(45) @ 190.000 ns: Go2UVM [Go2UVM] Start of Test
# KERNEL: Info: /home/student/Shivmurthy/chap_4_corrected/assertion_control/dut/assertion_control.sv (19): assert passed
# KERNEL: ap1 pass
# KERNEL: Error: Immediate assert condition 'ia1' FAILED at time: 210ns, ../dut/assertion_control.sv(23), scope: top.dut
# KERNEL: UVM_INFO /home/student/Shivmurthy/chap_4_corrected/assertion_control/uvm/assertion_control.sv(47) @ 210.000 ns: Go2UVM [Go2UVM] End of Test
# KERNEL: UVM_INFO @ 210.000 ns: Go2UVM [Go2UVM] End of stimulus
# KERNEL: UVM_INFO @ 210.000 ns: Go2UVM [Go2UVM] Thanks for using VW's Go2UVM Package, provide your feedback at http://www.go2uvm.org
# KERNEL: 
# KERNEL: --- UVM Report Summary ---
# KERNEL: 
# KERNEL: ** Report counts by severity
# KERNEL: UVM_INFO :    9
# KERNEL: UVM_WARNING :    0
# KERNEL: UVM_ERROR :    0
# KERNEL: UVM_FATAL :    0
# KERNEL: ** Report counts by id
# KERNEL: [Go2UVM]     7
# KERNEL: [Go2UVM ]     1
# KERNEL: [RNTST]     1
# RUNTIME: Info: RUNTIME_0068 uvm_root.svh (433): $finish called.
# KERNEL: Time: 210 ns,  Iteration: 67,  Instance: /top,  Process: @INITIAL#76_1@.
# KERNEL: stopped at time: 210 ns
# VSIM: Simulation has finished. There are no more test vectors to simulate.
quit
# VSIM: Simulation has finished.
