asim +access +rw  $UVMSIM +UVM_VERBOSITY=UVM_FULL
# ELBREAD: Elaboration process.
# ELBREAD: Warning: Module 'prop_seq1' does not have a `timescale directive, but previous modules do.
# ELBREAD: Warning: Module 'prop_seq' does not have a `timescale directive, but previous modules do.
# ELBREAD: Warning: Module 'sva_if' does not have a `timescale directive, but previous modules do.
# ELBREAD: Warning: Package 'uvm_pkg' does not have a `timescale directive, but previous modules do.
# ELBREAD: Warning: Package 'vw_go2uvm_pkg' does not have a `timescale directive, but previous modules do.
# ELBREAD: Warning: Package 'std' does not have a `timescale directive, but previous modules do.
# ELBREAD: Elaboration time 0.8 [s].
# KERNEL: Main thread initiated.
# KERNEL: Kernel process initialization phase.
# KERNEL: Time resolution set to 100ps.
# ELAB2: Elaboration final pass...
# KERNEL: PLI/VHPI kernel's engine initialization done.
# PLI: Loading library '/home/student/tools/eda/Riviera-PRO_2015.06/bin/libsystf.so'
# KERNEL: Info: Loading library:  /home/student/tools/eda/Riviera-PRO_2015.06/bin/uvm_1_1d_dpi
# ELAB2: Create instances ...
# ELAB2: Create instances complete.
# SLP: Started
# SLP: Elaboration phase ...
# SLP: Elaboration phase ... done : 0.0 [s]
# SLP: Generation phase ...
# SLP: Generation phase ... done : 0.1 [s]
# SLP: Finished : 0.1 [s]
# SLP: 0 primitives and 3 (37.50%) other processes in SLP
# SLP: 6 (0.02%) signals in SLP and 31 (0.12%) interface signals
# ELAB2: Elaboration final pass complete - time: 1.8 [s].
# KERNEL: SLP loading done - time: 0.0 [s].
# KERNEL: SLP simulation initialization done - time: 0.0 [s].
# KERNEL: Kernel process initialization done.
# Allocation: Simulator allocated 45783 kB (elbread=22378 elab2=21088 kernel=2315 sdf=0)
# KERNEL: ----------------------------------------------------------------
# KERNEL: UVM-1.1  d
# KERNEL: (C) 2007-2013 Mentor Graphics Corporation
# KERNEL: (C) 2007-2013 Cadence Design Systems, Inc.
# KERNEL: (C) 2006-2013 Synopsys, Inc.
# KERNEL: (C) 2011-2013 Cypress Semiconductor Corp.
# KERNEL: ----------------------------------------------------------------
# KERNEL: 
# KERNEL:   ***********       IMPORTANT RELEASE NOTES         ************
# KERNEL: 
# KERNEL:   You are using a version of the UVM library that has been compiled
# KERNEL:   with `UVM_NO_DEPRECATED undefined.
# KERNEL:   See http://www.eda.org/svdb/view.php?id=3313 for more details.
# KERNEL: 
# KERNEL:   You are using a version of the UVM library that has been compiled
# KERNEL:   with `UVM_OBJECT_MUST_HAVE_CONSTRUCTOR undefined.
# KERNEL:   See http://www.eda.org/svdb/view.php?id=3770 for more details.
# KERNEL: 
# KERNEL:       (Specify +UVM_NO_RELNOTES to turn off this notice)
# KERNEL: 
# KERNEL: Assertion failures tracking enabled, report enabled, unlimited, action Continue. Assertion passes tracking enabled, report disabled, unlimited.
# KERNEL: ASDB file was created in location /home/student/Shivmurthy/chap_8_corrected/prop_seq1b_verilog/run/dataset.asdb
wave -rec sim:/* 
run -all;
# KERNEL: UVM_INFO @ 0: Go2UVM [Go2UVM ] RELNOTES
# KERNEL: 
# KERNEL: ----------------------------------------------------------------
# KERNEL: (C) 2004-2014 VerifWorks a venture of CVC Pvt Ltd. 
# KERNEL:  VW_Go2UVM Version 1.1d.5 (VerifWorks a venture of CVC Pvt Ltd http://www.verifworks.com )
# KERNEL: 
# KERNEL:   ***********       IMPORTANT RELEASE NOTES         ************
# KERNEL: 
# KERNEL:   You are using a version of the Go2UVM Package from VerifWorks a venture of CVC Pvt Ltd www.verifworks.com
# KERNEL:   See http://www.go2uvm.org for more details 
# KERNEL: 
# KERNEL: ----------------------------------------------------------------
# KERNEL: UVM_INFO @ 0: reporter [RNTST] Running test ...
# KERNEL: UVM_INFO /home/student/Shivmurthy/chap_8_corrected/prop_seq1b_verilog/uvm/uvm.sv(38) @ 0.000 ns: Go2UVM [Go2UVM] Start of reset
# KERNEL: Error: Assertion 'prop_seqtest' FAILED at time: 16ns (9 clk), ../dut/dut.v(59), scope: prop_seq1.dut, start-time: 12ns (7 clk)
# KERNEL: 16.000 ns SVA_VIOLATION: \\package action_pkg\ .action_pkg.report_sva_violation Error in SVA ERR_COUNT: 0
# KERNEL: Error: Assertion 'prop_seqtest' FAILED at time: 16ns (9 clk), ../dut/dut.v(59), scope: prop_seq1.dut, start-time: 10ns (6 clk)
# KERNEL: 16.000 ns SVA_VIOLATION: \\package action_pkg\ .action_pkg.report_sva_violation Error in SVA ERR_COUNT: 1
# KERNEL: Error: Assertion 'prop_seqtest_same' FAILED at time: 16ns (9 clk), ../dut/dut.v(61), scope: prop_seq1.dut, start-time: 12ns (7 clk)
# KERNEL: 16.000 ns SVA_VIOLATION: \\package action_pkg\ .action_pkg.report_sva_violation Error in SVA ERR_COUNT: 2
# KERNEL: Error: Assertion 'prop_seqtest_same' FAILED at time: 16ns (9 clk), ../dut/dut.v(61), scope: prop_seq1.dut, start-time: 10ns (6 clk)
# KERNEL: 16.000 ns SVA_VIOLATION: \\package action_pkg\ .action_pkg.report_sva_violation Error in SVA ERR_COUNT: 3
# KERNEL: Error: Assertion 'prop_seqtest' FAILED at time: 22ns (12 clk), ../dut/dut.v(59), scope: prop_seq1.dut, start-time: 18ns (10 clk)
# KERNEL: 22.000 ns SVA_VIOLATION: \\package action_pkg\ .action_pkg.report_sva_violation Error in SVA ERR_COUNT: 4
# KERNEL: Error: Assertion 'prop_seqtest' FAILED at time: 22ns (12 clk), ../dut/dut.v(59), scope: prop_seq1.dut, start-time: 16ns (9 clk)
# KERNEL: 22.000 ns SVA_VIOLATION: \\package action_pkg\ .action_pkg.report_sva_violation Error in SVA ERR_COUNT: 5
# KERNEL: Error: Assertion 'prop_seqtest_same' FAILED at time: 22ns (12 clk), ../dut/dut.v(61), scope: prop_seq1.dut, start-time: 18ns (10 clk)
# KERNEL: 22.000 ns SVA_VIOLATION: \\package action_pkg\ .action_pkg.report_sva_violation Error in SVA ERR_COUNT: 6
# KERNEL: Error: Assertion 'prop_seqtest_same' FAILED at time: 22ns (12 clk), ../dut/dut.v(61), scope: prop_seq1.dut, start-time: 16ns (9 clk)
# KERNEL: 22.000 ns SVA_VIOLATION: \\package action_pkg\ .action_pkg.report_sva_violation Error in SVA ERR_COUNT: 7
# KERNEL: Error: Assertion 'prop_seqtest' FAILED at time: 24ns (13 clk), ../dut/dut.v(59), scope: prop_seq1.dut, start-time: 20ns (11 clk)
# KERNEL: 24.000 ns SVA_VIOLATION: \\package action_pkg\ .action_pkg.report_sva_violation Error in SVA ERR_COUNT: 8
# KERNEL: Error: Assertion 'prop_seqtest_same' FAILED at time: 24ns (13 clk), ../dut/dut.v(61), scope: prop_seq1.dut, start-time: 20ns (11 clk)
# KERNEL: 24.000 ns SVA_VIOLATION: \\package action_pkg\ .action_pkg.report_sva_violation Error in SVA ERR_COUNT: 9
# KERNEL: Error: Assertion 'prop_seqtest' FAILED at time: 26ns (14 clk), ../dut/dut.v(59), scope: prop_seq1.dut, start-time: 22ns (12 clk)
# KERNEL: 26.000 ns SVA_VIOLATION: \\package action_pkg\ .action_pkg.report_sva_violation Error in SVA ERR_COUNT: 10
# KERNEL: Error: Assertion 'prop_seqtest_same' FAILED at time: 26ns (14 clk), ../dut/dut.v(61), scope: prop_seq1.dut, start-time: 22ns (12 clk)
# KERNEL: 26.000 ns SVA_VIOLATION: \\package action_pkg\ .action_pkg.report_sva_violation Error in SVA ERR_COUNT: 11
# KERNEL: Error: Assertion 'prop_seqtest' FAILED at time: 28ns (15 clk), ../dut/dut.v(59), scope: prop_seq1.dut, start-time: 24ns (13 clk)
# KERNEL: 28.000 ns SVA_VIOLATION: \\package action_pkg\ .action_pkg.report_sva_violation Error in SVA ERR_COUNT: 12
# KERNEL: Error: Assertion 'prop_seqtest_same' FAILED at time: 28ns (15 clk), ../dut/dut.v(61), scope: prop_seq1.dut, start-time: 24ns (13 clk)
# KERNEL: 28.000 ns SVA_VIOLATION: \\package action_pkg\ .action_pkg.report_sva_violation Error in SVA ERR_COUNT: 13
# RUNTIME: Info: RUNTIME_0068 tb.sv (61): $finish called.
# KERNEL: Time: 30 ns,  Iteration: 1,  Instance: /prop_seq1,  Process: @INITIAL#test@.
# KERNEL: stopped at time: 30 ns
# VSIM: Simulation has finished. There are no more test vectors to simulate.
quit
# KERNEL: Warning: Assertion 'prop_seqtest' NOT FINISHED, ../dut/dut.v(59), scope: prop_seq1.dut, start-time: 26ns (14 clk)
# KERNEL: Warning: Assertion 'prop_seqtest' NOT FINISHED, ../dut/dut.v(59), scope: prop_seq1.dut, start-time: 28ns (15 clk)
# KERNEL: Warning: Assertion 'prop_seqtest_same' NOT FINISHED, ../dut/dut.v(61), scope: prop_seq1.dut, start-time: 26ns (14 clk)
# KERNEL: Warning: Assertion 'prop_seqtest_same' NOT FINISHED, ../dut/dut.v(61), scope: prop_seq1.dut, start-time: 28ns (15 clk)
# KERNEL: Warning: Assertion 'prop_seqtest' NOT FINISHED, ../dut/dut.v(59), scope: top.dut, start-time: 10ns (1 clk)
# KERNEL: Warning: Assertion 'prop_seqtest_same' NOT FINISHED, ../dut/dut.v(61), scope: top.dut, start-time: 10ns (1 clk)
# VSIM: Simulation has finished.
