asim +access +rw  $UVMSIM +UVM_VERBOSITY=UVM_FULL
# ELBREAD: Elaboration process.
# ELBREAD: Warning: Module 'm4251' does not have a `timescale directive, but previous modules do.
# ELBREAD: Warning: Module 'm425' does not have a `timescale directive, but previous modules do.
# ELBREAD: Warning: Module 'sva_if' does not have a `timescale directive, but previous modules do.
# ELBREAD: Warning: Package 'uvm_pkg' does not have a `timescale directive, but previous modules do.
# ELBREAD: Warning: Package 'cvc_go2uvm_pkg' does not have a `timescale directive, but previous modules do.
# ELBREAD: Warning: Package 'std' does not have a `timescale directive, but previous modules do.
# ELBREAD: Elaboration time 0.6 [s].
# KERNEL: Main thread initiated.
# KERNEL: Kernel process initialization phase.
# KERNEL: Time resolution set to 100ps.
# ELAB2: Elaboration final pass...
# KERNEL: PLI/VHPI kernel's engine initialization done.
# PLI: Loading library '/home/student/tools/eda/RVRA_2015.02/bin/libsystf.so'
# KERNEL: Info: Loading library:  /home/student/tools/eda/RVRA_2015.02/bin/uvm_1_1d_dpi
# ELAB2: Create instances ...
# ELAB2: Create instances complete.
# SLP: Started
# SLP: Elaboration phase ...
# SLP: Elaboration phase ... done : 0.0 [s]
# SLP: Generation phase ...
# SLP: Generation phase ... done : 0.1 [s]
# SLP: Finished : 0.2 [s]
# SLP: 0 primitives and 7 (16.67%) other processes in SLP
# SLP: 34 (0.13%) signals in SLP and 126 (0.47%) interface signals
# ELAB2: Elaboration final pass complete - time: 1.9 [s].
# KERNEL: SLP loading done - time: 0.0 [s].
# KERNEL: SLP simulation initialization done - time: 0.0 [s].
# KERNEL: Kernel process initialization done.
# Allocation: Simulator allocated 45830 kB (elbread=21735 elab2=21754 kernel=2339 sdf=0)
# KERNEL: ----------------------------------------------------------------
# KERNEL: UVM-1.1  d
# KERNEL: (C) 2007-2013 Mentor Graphics Corporation
# KERNEL: (C) 2007-2013 Cadence Design Systems, Inc.
# KERNEL: (C) 2006-2013 Synopsys, Inc.
# KERNEL: (C) 2011-2013 Cypress Semiconductor Corp.
# KERNEL: ----------------------------------------------------------------
# KERNEL: 
# KERNEL:   ***********       IMPORTANT RELEASE NOTES         ************
# KERNEL: 
# KERNEL:   You are using a version of the UVM library that has been compiled
# KERNEL:   with `UVM_NO_DEPRECATED undefined.
# KERNEL:   See http://www.eda.org/svdb/view.php?id=3313 for more details.
# KERNEL: 
# KERNEL:   You are using a version of the UVM library that has been compiled
# KERNEL:   with `UVM_OBJECT_MUST_HAVE_CONSTRUCTOR undefined.
# KERNEL:   See http://www.eda.org/svdb/view.php?id=3770 for more details.
# KERNEL: 
# KERNEL:       (Specify +UVM_NO_RELNOTES to turn off this notice)
# KERNEL: 
# KERNEL: Assertion failures tracking enabled, report enabled, unlimited, action Continue. Assertion passes tracking enabled, report disabled, unlimited.
# KERNEL: Cover tracking enabled, report enabled, action Continue. 
# KERNEL: ASDB file was created in location /home/student/arlin/Chap_4_corrected/Done/m425/run/dataset.asdb
wave -rec sim:/* 
run -all;
# KERNEL: UVM_INFO @ 0: Go2UVM [Go2UVM ] RELNOTES
# KERNEL: 
# KERNEL: ----------------------------------------------------------------
# KERNEL: (C) 2004-2014 CVC Pvt Ltd. 
# KERNEL:  CVC_Go2UVM Version 1.1d.5 (CVC http://www.cvcblr.com )
# KERNEL: 
# KERNEL:   ***********       IMPORTANT RELEASE NOTES         ************
# KERNEL: 
# KERNEL:   You are using a version of the Go2UVM Package from CVC www.cvcblr.com
# KERNEL:   See http://www.go2uvm.org for more details 
# KERNEL: 
# KERNEL: ----------------------------------------------------------------
# KERNEL: UVM_INFO @ 0: reporter [RNTST] Running test ...
# KERNEL: UVM_INFO /home/student/arlin/Chap_4_corrected/Done/m425/uvm/uvm.sv(37) @ 0.000 ns: Go2UVM [Go2UVM] Start of reset
# KERNEL: Warning: Cover 'cp_or1' COMPLETED VACUOUSLY at time: 10ns (1 clk), ../dut/dut.sv(5), scope: top.dut, start-time: 10ns (1 clk)
# KERNEL: cp_or1:: @  10.000 ns, $past(a1)=x, c1=x, d1=x, e1=x, f1=x
# KERNEL: Error: Assertion 'ap_en' FAILED at time: 10ns (1 clk), ../dut/dut.sv(25), scope: top.dut, start-time: 10ns (1 clk)
# KERNEL: Error: Assertion 'ap_en_auto' FAILED at time: 10ns (1 clk), ../dut/dut.sv(35), scope: top.dut, start-time: 10ns (1 clk)
# KERNEL: Error: Assertion 'ai_1' FAILED at time: 10ns (1 clk), ../dut/dut.sv(45), scope: top.dut, start-time: 10ns (1 clk)
# KERNEL: Warning: Cover 'cp_df' COMPLETED VACUOUSLY at time: 10ns (1 clk), ../dut/dut.sv(47), scope: top.dut, start-time: 10ns (1 clk)
# KERNEL: cp_df
# KERNEL: Warning: Cover 'cp1' COMPLETED VACUOUSLY at time: 10ns (1 clk), ../dut/dut.sv(52), scope: top.dut, start-time: 10ns (1 clk)
# KERNEL: cp1
# KERNEL: Warning: Cover 'cp_or1' COMPLETED VACUOUSLY at time: 30ns (2 clk), ../dut/dut.sv(5), scope: top.dut, start-time: 30ns (2 clk)
# KERNEL: cp_or1:: @  30.000 ns, $past(a1)=x, c1=x, d1=x, e1=x, f1=x
# KERNEL: Error: Assertion 'ap_en' FAILED at time: 30ns (2 clk), ../dut/dut.sv(25), scope: top.dut, start-time: 30ns (2 clk)
# KERNEL: Error: Assertion 'ap_en_auto' FAILED at time: 30ns (2 clk), ../dut/dut.sv(35), scope: top.dut, start-time: 30ns (2 clk)
# KERNEL: Error: Assertion 'ai_1' FAILED at time: 30ns (2 clk), ../dut/dut.sv(45), scope: top.dut, start-time: 30ns (2 clk)
# KERNEL: Warning: Cover 'cp_df' COMPLETED VACUOUSLY at time: 30ns (2 clk), ../dut/dut.sv(47), scope: top.dut, start-time: 30ns (2 clk)
# KERNEL: cp_df
# KERNEL: Warning: Cover 'cp1' COMPLETED VACUOUSLY at time: 30ns (2 clk), ../dut/dut.sv(52), scope: top.dut, start-time: 30ns (2 clk)
# KERNEL: cp1
# KERNEL: Warning: Cover 'cp_or1' COMPLETED VACUOUSLY at time: 50ns (3 clk), ../dut/dut.sv(5), scope: top.dut, start-time: 50ns (3 clk)
# KERNEL: cp_or1:: @  50.000 ns, $past(a1)=x, c1=x, d1=x, e1=x, f1=x
# KERNEL: Error: Assertion 'ap_en' FAILED at time: 50ns (3 clk), ../dut/dut.sv(25), scope: top.dut, start-time: 50ns (3 clk)
# KERNEL: Error: Assertion 'ap_en_auto' FAILED at time: 50ns (3 clk), ../dut/dut.sv(35), scope: top.dut, start-time: 50ns (3 clk)
# KERNEL: Error: Assertion 'ai_1' FAILED at time: 50ns (3 clk), ../dut/dut.sv(45), scope: top.dut, start-time: 50ns (3 clk)
# KERNEL: Warning: Cover 'cp_df' COMPLETED VACUOUSLY at time: 50ns (3 clk), ../dut/dut.sv(47), scope: top.dut, start-time: 50ns (3 clk)
# KERNEL: cp_df
# KERNEL: Warning: Cover 'cp1' COMPLETED VACUOUSLY at time: 50ns (3 clk), ../dut/dut.sv(52), scope: top.dut, start-time: 50ns (3 clk)
# KERNEL: cp1
# KERNEL: Warning: Cover 'cp_or1' COMPLETED VACUOUSLY at time: 70ns (4 clk), ../dut/dut.sv(5), scope: top.dut, start-time: 70ns (4 clk)
# KERNEL: cp_or1:: @  70.000 ns, $past(a1)=x, c1=x, d1=x, e1=x, f1=x
# KERNEL: Error: Assertion 'ap_en' FAILED at time: 70ns (4 clk), ../dut/dut.sv(25), scope: top.dut, start-time: 70ns (4 clk)
# KERNEL: Error: Assertion 'ap_en_auto' FAILED at time: 70ns (4 clk), ../dut/dut.sv(35), scope: top.dut, start-time: 70ns (4 clk)
# KERNEL: Error: Assertion 'ai_1' FAILED at time: 70ns (4 clk), ../dut/dut.sv(45), scope: top.dut, start-time: 70ns (4 clk)
# KERNEL: Warning: Cover 'cp_df' COMPLETED VACUOUSLY at time: 70ns (4 clk), ../dut/dut.sv(47), scope: top.dut, start-time: 70ns (4 clk)
# KERNEL: cp_df
# KERNEL: Warning: Cover 'cp1' COMPLETED VACUOUSLY at time: 70ns (4 clk), ../dut/dut.sv(52), scope: top.dut, start-time: 70ns (4 clk)
# KERNEL: cp1
# KERNEL: Warning: Cover 'cp_or1' COMPLETED VACUOUSLY at time: 90ns (5 clk), ../dut/dut.sv(5), scope: top.dut, start-time: 90ns (5 clk)
# KERNEL: cp_or1:: @  90.000 ns, $past(a1)=x, c1=x, d1=x, e1=x, f1=x
# KERNEL: Error: Assertion 'ap_en' FAILED at time: 90ns (5 clk), ../dut/dut.sv(25), scope: top.dut, start-time: 90ns (5 clk)
# KERNEL: Error: Assertion 'ap_en_auto' FAILED at time: 90ns (5 clk), ../dut/dut.sv(35), scope: top.dut, start-time: 90ns (5 clk)
# KERNEL: Error: Assertion 'ai_1' FAILED at time: 90ns (5 clk), ../dut/dut.sv(45), scope: top.dut, start-time: 90ns (5 clk)
# KERNEL: Warning: Cover 'cp_df' COMPLETED VACUOUSLY at time: 90ns (5 clk), ../dut/dut.sv(47), scope: top.dut, start-time: 90ns (5 clk)
# KERNEL: cp_df
# KERNEL: Warning: Cover 'cp1' COMPLETED VACUOUSLY at time: 90ns (5 clk), ../dut/dut.sv(52), scope: top.dut, start-time: 90ns (5 clk)
# KERNEL: cp1
# KERNEL: Warning: Cover 'cp_or1' COMPLETED VACUOUSLY at time: 110ns (6 clk), ../dut/dut.sv(5), scope: top.dut, start-time: 110ns (6 clk)
# KERNEL: cp_or1:: @ 110.000 ns, $past(a1)=x, c1=x, d1=x, e1=x, f1=x
# KERNEL: Error: Assertion 'ap_en' FAILED at time: 110ns (6 clk), ../dut/dut.sv(25), scope: top.dut, start-time: 110ns (6 clk)
# KERNEL: Error: Assertion 'ap_en_auto' FAILED at time: 110ns (6 clk), ../dut/dut.sv(35), scope: top.dut, start-time: 110ns (6 clk)
# KERNEL: Error: Assertion 'ai_1' FAILED at time: 110ns (6 clk), ../dut/dut.sv(45), scope: top.dut, start-time: 110ns (6 clk)
# KERNEL: Warning: Cover 'cp_df' COMPLETED VACUOUSLY at time: 110ns (6 clk), ../dut/dut.sv(47), scope: top.dut, start-time: 110ns (6 clk)
# KERNEL: cp_df
# KERNEL: Warning: Cover 'cp1' COMPLETED VACUOUSLY at time: 110ns (6 clk), ../dut/dut.sv(52), scope: top.dut, start-time: 110ns (6 clk)
# KERNEL: cp1
# KERNEL: Warning: Cover 'cp_or1' COMPLETED VACUOUSLY at time: 130ns (7 clk), ../dut/dut.sv(5), scope: top.dut, start-time: 130ns (7 clk)
# KERNEL: cp_or1:: @ 130.000 ns, $past(a1)=x, c1=x, d1=x, e1=x, f1=x
# KERNEL: Error: Assertion 'ap_en' FAILED at time: 130ns (7 clk), ../dut/dut.sv(25), scope: top.dut, start-time: 130ns (7 clk)
# KERNEL: Error: Assertion 'ap_en_auto' FAILED at time: 130ns (7 clk), ../dut/dut.sv(35), scope: top.dut, start-time: 130ns (7 clk)
# KERNEL: Error: Assertion 'ai_1' FAILED at time: 130ns (7 clk), ../dut/dut.sv(45), scope: top.dut, start-time: 130ns (7 clk)
# KERNEL: Warning: Cover 'cp_df' COMPLETED VACUOUSLY at time: 130ns (7 clk), ../dut/dut.sv(47), scope: top.dut, start-time: 130ns (7 clk)
# KERNEL: cp_df
# KERNEL: Warning: Cover 'cp1' COMPLETED VACUOUSLY at time: 130ns (7 clk), ../dut/dut.sv(52), scope: top.dut, start-time: 130ns (7 clk)
# KERNEL: cp1
# KERNEL: Warning: Cover 'cp_or1' COMPLETED VACUOUSLY at time: 150ns (8 clk), ../dut/dut.sv(5), scope: top.dut, start-time: 150ns (8 clk)
# KERNEL: cp_or1:: @ 150.000 ns, $past(a1)=x, c1=x, d1=x, e1=x, f1=x
# KERNEL: Error: Assertion 'ap_en' FAILED at time: 150ns (8 clk), ../dut/dut.sv(25), scope: top.dut, start-time: 150ns (8 clk)
# KERNEL: Error: Assertion 'ap_en_auto' FAILED at time: 150ns (8 clk), ../dut/dut.sv(35), scope: top.dut, start-time: 150ns (8 clk)
# KERNEL: Error: Assertion 'ai_1' FAILED at time: 150ns (8 clk), ../dut/dut.sv(45), scope: top.dut, start-time: 150ns (8 clk)
# KERNEL: Warning: Cover 'cp_df' COMPLETED VACUOUSLY at time: 150ns (8 clk), ../dut/dut.sv(47), scope: top.dut, start-time: 150ns (8 clk)
# KERNEL: cp_df
# KERNEL: Warning: Cover 'cp1' COMPLETED VACUOUSLY at time: 150ns (8 clk), ../dut/dut.sv(52), scope: top.dut, start-time: 150ns (8 clk)
# KERNEL: cp1
# KERNEL: Warning: Cover 'cp_or1' COMPLETED VACUOUSLY at time: 170ns (9 clk), ../dut/dut.sv(5), scope: top.dut, start-time: 170ns (9 clk)
# KERNEL: cp_or1:: @ 170.000 ns, $past(a1)=x, c1=x, d1=x, e1=x, f1=x
# KERNEL: Error: Assertion 'ap_en' FAILED at time: 170ns (9 clk), ../dut/dut.sv(25), scope: top.dut, start-time: 170ns (9 clk)
# KERNEL: Error: Assertion 'ap_en_auto' FAILED at time: 170ns (9 clk), ../dut/dut.sv(35), scope: top.dut, start-time: 170ns (9 clk)
# KERNEL: Error: Assertion 'ai_1' FAILED at time: 170ns (9 clk), ../dut/dut.sv(45), scope: top.dut, start-time: 170ns (9 clk)
# KERNEL: Warning: Cover 'cp_df' COMPLETED VACUOUSLY at time: 170ns (9 clk), ../dut/dut.sv(47), scope: top.dut, start-time: 170ns (9 clk)
# KERNEL: cp_df
# KERNEL: Warning: Cover 'cp1' COMPLETED VACUOUSLY at time: 170ns (9 clk), ../dut/dut.sv(52), scope: top.dut, start-time: 170ns (9 clk)
# KERNEL: cp1
# KERNEL: UVM_INFO /home/student/arlin/Chap_4_corrected/Done/m425/uvm/uvm.sv(39) @ 190.000 ns: Go2UVM [Go2UVM] End of reset
# KERNEL: UVM_INFO @ 190.000 ns: Go2UVM [Go2UVM] Driving stimulus via UVM
# KERNEL: UVM_INFO /home/student/arlin/Chap_4_corrected/Done/m425/uvm/uvm.sv(43) @ 190.000 ns: Go2UVM [Go2UVM] Start of Test
# KERNEL: Warning: Cover 'cp_or1' COMPLETED VACUOUSLY at time: 190ns (10 clk), ../dut/dut.sv(5), scope: top.dut, start-time: 190ns (10 clk)
# KERNEL: cp_or1:: @ 190.000 ns, $past(a1)=x, c1=x, d1=x, e1=x, f1=x
# KERNEL: Error: Assertion 'ap_en' FAILED at time: 190ns (10 clk), ../dut/dut.sv(25), scope: top.dut, start-time: 190ns (10 clk)
# KERNEL: Error: Assertion 'ap_en_auto' FAILED at time: 190ns (10 clk), ../dut/dut.sv(35), scope: top.dut, start-time: 190ns (10 clk)
# KERNEL: Error: Assertion 'ai_1' FAILED at time: 190ns (10 clk), ../dut/dut.sv(45), scope: top.dut, start-time: 190ns (10 clk)
# KERNEL: Warning: Cover 'cp_df' COMPLETED VACUOUSLY at time: 190ns (10 clk), ../dut/dut.sv(47), scope: top.dut, start-time: 190ns (10 clk)
# KERNEL: cp_df
# KERNEL: Warning: Cover 'cp1' COMPLETED VACUOUSLY at time: 190ns (10 clk), ../dut/dut.sv(52), scope: top.dut, start-time: 190ns (10 clk)
# KERNEL: cp1
# KERNEL: Warning: Cover 'cp_or1' COMPLETED VACUOUSLY at time: 210ns (11 clk), ../dut/dut.sv(5), scope: top.dut, start-time: 210ns (11 clk)
# KERNEL: cp_or1:: @ 210.000 ns, $past(a1)=x, c1=x, d1=x, e1=x, f1=x
# KERNEL: Error: Assertion 'ap_en' FAILED at time: 210ns (11 clk), ../dut/dut.sv(25), scope: top.dut, start-time: 210ns (11 clk)
# KERNEL: Error: Assertion 'ap_en_auto' FAILED at time: 210ns (11 clk), ../dut/dut.sv(35), scope: top.dut, start-time: 210ns (11 clk)
# KERNEL: Error: Assertion 'ai_1' FAILED at time: 210ns (11 clk), ../dut/dut.sv(45), scope: top.dut, start-time: 210ns (11 clk)
# KERNEL: Warning: Cover 'cp_df' COMPLETED VACUOUSLY at time: 210ns (11 clk), ../dut/dut.sv(47), scope: top.dut, start-time: 210ns (11 clk)
# KERNEL: cp_df
# KERNEL: Warning: Cover 'cp1' COMPLETED VACUOUSLY at time: 210ns (11 clk), ../dut/dut.sv(52), scope: top.dut, start-time: 210ns (11 clk)
# KERNEL: cp1
# KERNEL: Warning: Cover 'cp_or1' COMPLETED VACUOUSLY at time: 230ns (12 clk), ../dut/dut.sv(5), scope: top.dut, start-time: 230ns (12 clk)
# KERNEL: cp_or1:: @ 230.000 ns, $past(a1)=x, c1=x, d1=x, e1=x, f1=x
# KERNEL: Error: Assertion 'ap_en' FAILED at time: 230ns (12 clk), ../dut/dut.sv(25), scope: top.dut, start-time: 230ns (12 clk)
# KERNEL: Error: Assertion 'ap_en_auto' FAILED at time: 230ns (12 clk), ../dut/dut.sv(35), scope: top.dut, start-time: 230ns (12 clk)
# KERNEL: Error: Assertion 'ai_1' FAILED at time: 230ns (12 clk), ../dut/dut.sv(45), scope: top.dut, start-time: 230ns (12 clk)
# KERNEL: Warning: Cover 'cp_df' COMPLETED VACUOUSLY at time: 230ns (12 clk), ../dut/dut.sv(47), scope: top.dut, start-time: 230ns (12 clk)
# KERNEL: cp_df
# KERNEL: Warning: Cover 'cp1' COMPLETED VACUOUSLY at time: 230ns (12 clk), ../dut/dut.sv(52), scope: top.dut, start-time: 230ns (12 clk)
# KERNEL: cp1
# KERNEL: Warning: Cover 'cp_or1' COMPLETED VACUOUSLY at time: 250ns (13 clk), ../dut/dut.sv(5), scope: top.dut, start-time: 250ns (13 clk)
# KERNEL: cp_or1:: @ 250.000 ns, $past(a1)=x, c1=x, d1=x, e1=x, f1=x
# KERNEL: Error: Assertion 'ap_en' FAILED at time: 250ns (13 clk), ../dut/dut.sv(25), scope: top.dut, start-time: 250ns (13 clk)
# KERNEL: Error: Assertion 'ap_en_auto' FAILED at time: 250ns (13 clk), ../dut/dut.sv(35), scope: top.dut, start-time: 250ns (13 clk)
# KERNEL: Error: Assertion 'ai_1' FAILED at time: 250ns (13 clk), ../dut/dut.sv(45), scope: top.dut, start-time: 250ns (13 clk)
# KERNEL: Warning: Cover 'cp_df' COMPLETED VACUOUSLY at time: 250ns (13 clk), ../dut/dut.sv(47), scope: top.dut, start-time: 250ns (13 clk)
# KERNEL: cp_df
# KERNEL: Warning: Cover 'cp1' COMPLETED VACUOUSLY at time: 250ns (13 clk), ../dut/dut.sv(52), scope: top.dut, start-time: 250ns (13 clk)
# KERNEL: cp1
# KERNEL: Warning: Cover 'cp_or1' COMPLETED VACUOUSLY at time: 270ns (14 clk), ../dut/dut.sv(5), scope: top.dut, start-time: 270ns (14 clk)
# KERNEL: cp_or1:: @ 270.000 ns, $past(a1)=x, c1=x, d1=x, e1=x, f1=x
# KERNEL: Error: Assertion 'ap_en' FAILED at time: 270ns (14 clk), ../dut/dut.sv(25), scope: top.dut, start-time: 270ns (14 clk)
# KERNEL: Error: Assertion 'ap_en_auto' FAILED at time: 270ns (14 clk), ../dut/dut.sv(35), scope: top.dut, start-time: 270ns (14 clk)
# KERNEL: Error: Assertion 'ai_1' FAILED at time: 270ns (14 clk), ../dut/dut.sv(45), scope: top.dut, start-time: 270ns (14 clk)
# KERNEL: Warning: Cover 'cp_df' COMPLETED VACUOUSLY at time: 270ns (14 clk), ../dut/dut.sv(47), scope: top.dut, start-time: 270ns (14 clk)
# KERNEL: cp_df
# KERNEL: Warning: Cover 'cp1' COMPLETED VACUOUSLY at time: 270ns (14 clk), ../dut/dut.sv(52), scope: top.dut, start-time: 270ns (14 clk)
# KERNEL: cp1
# KERNEL: Error: Assertion 'ap_en' FAILED at time: 290ns (15 clk), ../dut/dut.sv(25), scope: top.dut, start-time: 290ns (15 clk)
# KERNEL: Error: Assertion 'ap_en_auto' FAILED at time: 290ns (15 clk), ../dut/dut.sv(35), scope: top.dut, start-time: 290ns (15 clk)
# KERNEL: Error: Assertion 'ai_1' FAILED at time: 290ns (15 clk), ../dut/dut.sv(45), scope: top.dut, start-time: 290ns (15 clk)
# KERNEL: Warning: Cover 'cp_df' COMPLETED VACUOUSLY at time: 290ns (15 clk), ../dut/dut.sv(47), scope: top.dut, start-time: 290ns (15 clk)
# KERNEL: cp_df
# KERNEL: Warning: Cover 'cp1' COMPLETED VACUOUSLY at time: 290ns (15 clk), ../dut/dut.sv(52), scope: top.dut, start-time: 290ns (15 clk)
# KERNEL: cp1
# KERNEL: Warning: Cover 'cp_or1' COMPLETED VACUOUSLY at time: 310ns (16 clk), ../dut/dut.sv(5), scope: top.dut, start-time: 290ns (15 clk)
# KERNEL: cp_or1:: @ 310.000 ns, $past(a1)=1, c1=x, d1=x, e1=0, f1=x
# KERNEL: Error: Assertion 'ap_en' FAILED at time: 310ns (16 clk), ../dut/dut.sv(25), scope: top.dut, start-time: 310ns (16 clk)
# KERNEL: Error: Assertion 'ap_en_auto' FAILED at time: 310ns (16 clk), ../dut/dut.sv(35), scope: top.dut, start-time: 310ns (16 clk)
# KERNEL: Error: Assertion 'ai_1' FAILED at time: 310ns (16 clk), ../dut/dut.sv(45), scope: top.dut, start-time: 310ns (16 clk)
# KERNEL: Warning: Cover 'cp_df' COMPLETED VACUOUSLY at time: 310ns (16 clk), ../dut/dut.sv(47), scope: top.dut, start-time: 310ns (16 clk)
# KERNEL: cp_df
# KERNEL: Warning: Cover 'cp1' COMPLETED VACUOUSLY at time: 310ns (16 clk), ../dut/dut.sv(52), scope: top.dut, start-time: 310ns (16 clk)
# KERNEL: cp1
# KERNEL: Warning: Cover 'cp_or1' COMPLETED VACUOUSLY at time: 330ns (17 clk), ../dut/dut.sv(5), scope: top.dut, start-time: 330ns (17 clk)
# KERNEL: cp_or1:: @ 330.000 ns, $past(a1)=1, c1=x, d1=x, e1=0, f1=x
# KERNEL: Warning: Cover 'cp_or1' COMPLETED VACUOUSLY at time: 330ns (17 clk), ../dut/dut.sv(5), scope: top.dut, start-time: 310ns (16 clk)
# KERNEL: cp_or1:: @ 330.000 ns, $past(a1)=1, c1=x, d1=x, e1=0, f1=x
# KERNEL: Error: Assertion 'ap_en' FAILED at time: 330ns (17 clk), ../dut/dut.sv(25), scope: top.dut, start-time: 330ns (17 clk)
# KERNEL: Error: Assertion 'ap_en_auto' FAILED at time: 330ns (17 clk), ../dut/dut.sv(35), scope: top.dut, start-time: 330ns (17 clk)
# KERNEL: Error: Assertion 'ai_1' FAILED at time: 330ns (17 clk), ../dut/dut.sv(45), scope: top.dut, start-time: 330ns (17 clk)
# KERNEL: Warning: Cover 'cp_df' COMPLETED VACUOUSLY at time: 330ns (17 clk), ../dut/dut.sv(47), scope: top.dut, start-time: 330ns (17 clk)
# KERNEL: cp_df
# KERNEL: Warning: Cover 'cp1' COMPLETED VACUOUSLY at time: 330ns (17 clk), ../dut/dut.sv(52), scope: top.dut, start-time: 330ns (17 clk)
# KERNEL: cp1
# KERNEL: Warning: Cover 'cp_or1' COMPLETED VACUOUSLY at time: 350ns (18 clk), ../dut/dut.sv(5), scope: top.dut, start-time: 350ns (18 clk)
# KERNEL: cp_or1:: @ 350.000 ns, $past(a1)=0, c1=x, d1=x, e1=0, f1=x
# KERNEL: Error: Assertion 'ap_en' FAILED at time: 350ns (18 clk), ../dut/dut.sv(25), scope: top.dut, start-time: 350ns (18 clk)
# KERNEL: Error: Assertion 'ap_en_auto' FAILED at time: 350ns (18 clk), ../dut/dut.sv(35), scope: top.dut, start-time: 350ns (18 clk)
# KERNEL: Error: Assertion 'ai_1' FAILED at time: 350ns (18 clk), ../dut/dut.sv(45), scope: top.dut, start-time: 350ns (18 clk)
# KERNEL: Warning: Cover 'cp_df' COMPLETED VACUOUSLY at time: 350ns (18 clk), ../dut/dut.sv(47), scope: top.dut, start-time: 350ns (18 clk)
# KERNEL: cp_df
# KERNEL: Warning: Cover 'cp1' COMPLETED VACUOUSLY at time: 350ns (18 clk), ../dut/dut.sv(52), scope: top.dut, start-time: 350ns (18 clk)
# KERNEL: cp1
# KERNEL: Warning: Cover 'cp_or1' COMPLETED VACUOUSLY at time: 370ns (19 clk), ../dut/dut.sv(5), scope: top.dut, start-time: 370ns (19 clk)
# KERNEL: cp_or1:: @ 370.000 ns, $past(a1)=0, c1=x, d1=x, e1=0, f1=x
# KERNEL: Error: Assertion 'ap_en' FAILED at time: 370ns (19 clk), ../dut/dut.sv(25), scope: top.dut, start-time: 370ns (19 clk)
# KERNEL: Error: Assertion 'ap_en_auto' FAILED at time: 370ns (19 clk), ../dut/dut.sv(35), scope: top.dut, start-time: 370ns (19 clk)
# KERNEL: Error: Assertion 'ai_1' FAILED at time: 370ns (19 clk), ../dut/dut.sv(45), scope: top.dut, start-time: 370ns (19 clk)
# KERNEL: Warning: Cover 'cp_df' COMPLETED VACUOUSLY at time: 370ns (19 clk), ../dut/dut.sv(47), scope: top.dut, start-time: 370ns (19 clk)
# KERNEL: cp_df
# KERNEL: Warning: Cover 'cp_or1' COMPLETED VACUOUSLY at time: 390ns (20 clk), ../dut/dut.sv(5), scope: top.dut, start-time: 390ns (20 clk)
# KERNEL: cp_or1:: @ 390.000 ns, $past(a1)=0, c1=x, d1=x, e1=0, f1=x
# KERNEL: Error: Assertion 'ap_en' FAILED at time: 390ns (20 clk), ../dut/dut.sv(25), scope: top.dut, start-time: 390ns (20 clk)
# KERNEL: Error: Assertion 'ap_en_auto' FAILED at time: 390ns (20 clk), ../dut/dut.sv(35), scope: top.dut, start-time: 390ns (20 clk)
# KERNEL: Error: Assertion 'ai_1' FAILED at time: 390ns (20 clk), ../dut/dut.sv(45), scope: top.dut, start-time: 390ns (20 clk)
# KERNEL: Error: Assertion 'ap_t' FAILED at time: 390ns (20 clk), ../dut/dut.sv(46), scope: top.dut, start-time: 370ns (19 clk)
# KERNEL: Warning: Cover 'cp_df' COMPLETED VACUOUSLY at time: 390ns (20 clk), ../dut/dut.sv(47), scope: top.dut, start-time: 390ns (20 clk)
# KERNEL: cp_df
# KERNEL: UVM_INFO /home/student/arlin/Chap_4_corrected/Done/m425/uvm/uvm.sv(67) @ 410.000 ns: Go2UVM [Go2UVM] End of Test
# KERNEL: UVM_INFO @ 410.000 ns: Go2UVM [Go2UVM] End of stimulus
# KERNEL: UVM_INFO @ 410.000 ns: Go2UVM [Go2UVM] Thanks for using CVC's Go2UVM Package, provide your feedback at http://www.go2uvm.org
# KERNEL: 
# KERNEL: --- UVM Report Summary ---
# KERNEL: 
# KERNEL: ** Report counts by severity
# KERNEL: UVM_INFO :    9
# KERNEL: UVM_WARNING :    0
# KERNEL: UVM_ERROR :    0
# KERNEL: UVM_FATAL :    0
# KERNEL: ** Report counts by id
# KERNEL: [Go2UVM]     7
# KERNEL: [Go2UVM ]     1
# KERNEL: [RNTST]     1
# RUNTIME: Info: RUNTIME_0068 uvm_root.svh (433): $finish called.
# KERNEL: Time: 410 ns,  Iteration: 67,  Instance: /top,  Process: @INITIAL#114_1@.
# KERNEL: stopped at time: 410 ns
# VSIM: Simulation has finished. There are no more test vectors to simulate.
quit
# KERNEL: Warning: Assertion 'ap_t' NOT FINISHED, ../dut/dut.sv(46), scope: top.dut, start-time: 390ns (20 clk)
# KERNEL: Warning: Cover 'cp1' thread NOT FINISHED, ../dut/dut.sv(52), scope: top.dut, start-time: 390ns (20 clk)
# KERNEL: Warning: Cover 'cq_ab' thread NOT FINISHED, ../dut/dut.sv(53), scope: top.dut, start-time: 390ns (20 clk)
# KERNEL: Warning: Cover 'cq_ab' thread NOT FINISHED, ../dut/dut.sv(53), scope: top.dut, start-time: 370ns (19 clk)
# KERNEL: Warning: Cover 'cq_fm_ab' thread NOT FINISHED, ../dut/dut.sv(55), scope: top.dut, start-time: 390ns (20 clk)
# KERNEL: Warning: Cover 'cq_fm_ab' thread NOT FINISHED, ../dut/dut.sv(55), scope: top.dut, start-time: 370ns (19 clk)
# KERNEL: Warning: Cover 'cp_ab' thread NOT FINISHED, ../dut/dut.sv(58), scope: top.dut, start-time: 390ns (20 clk)
# KERNEL: Warning: Cover 'cp_ab' thread NOT FINISHED, ../dut/dut.sv(58), scope: top.dut, start-time: 370ns (19 clk)
# VSIM: Simulation has finished.
