asim +access +rw  $UVMSIM +UVM_VERBOSITY=UVM_FULL
# ELBREAD: Elaboration process.
# ELBREAD: Elaboration time 0.6 [s].
# KERNEL: Main thread initiated.
# KERNEL: Kernel process initialization phase.
# KERNEL: Time resolution set to 1ps.
# ELAB2: Elaboration final pass...
# KERNEL: PLI/VHPI kernel's engine initialization done.
# PLI: Loading library '/home/student/tools/eda/RVRA_2015.02/bin/libsystf.so'
# KERNEL: Info: Loading library:  /home/student/tools/eda/RVRA_2015.02/bin/uvm_1_1d_dpi
# ELAB2: Create instances ...
# ELAB2: Create instances complete.
# SLP: Started
# SLP: Elaboration phase ...
# SLP: Warning: uvm.sv (59): Length of connection (1) does not match the length of port "foo" (12) on instance "/top/dut".
# SLP: Warning: uvm.sv (59): Length of connection (1) does not match the length of port "bar" (12) on instance "/top/dut".
# SLP: Elaboration phase ... done : 0.0 [s]
# SLP: Generation phase ...
# SLP: Generation phase ... done : 0.1 [s]
# SLP: Finished : 0.1 [s]
# SLP: 0 primitives and 2 (18.18%) other processes in SLP
# SLP: 4 (0.02%) signals in SLP and 18 (0.07%) interface signals
# ELAB2: Elaboration final pass complete - time: 1.9 [s].
# KERNEL: SLP loading done - time: 0.0 [s].
# KERNEL: SLP simulation initialization done - time: 0.0 [s].
# KERNEL: Kernel process initialization done.
# Allocation: Simulator allocated 45725 kB (elbread=21735 elab2=21655 kernel=2334 sdf=0)
# KERNEL: ----------------------------------------------------------------
# KERNEL: UVM-1.1  d
# KERNEL: (C) 2007-2013 Mentor Graphics Corporation
# KERNEL: (C) 2007-2013 Cadence Design Systems, Inc.
# KERNEL: (C) 2006-2013 Synopsys, Inc.
# KERNEL: (C) 2011-2013 Cypress Semiconductor Corp.
# KERNEL: ----------------------------------------------------------------
# KERNEL: 
# KERNEL:   ***********       IMPORTANT RELEASE NOTES         ************
# KERNEL: 
# KERNEL:   You are using a version of the UVM library that has been compiled
# KERNEL:   with `UVM_NO_DEPRECATED undefined.
# KERNEL:   See http://www.eda.org/svdb/view.php?id=3313 for more details.
# KERNEL: 
# KERNEL:   You are using a version of the UVM library that has been compiled
# KERNEL:   with `UVM_OBJECT_MUST_HAVE_CONSTRUCTOR undefined.
# KERNEL:   See http://www.eda.org/svdb/view.php?id=3770 for more details.
# KERNEL: 
# KERNEL:       (Specify +UVM_NO_RELNOTES to turn off this notice)
# KERNEL: 
# KERNEL: Assertion failures tracking enabled, report enabled, unlimited, action Continue. Assertion passes tracking enabled, report disabled, unlimited.
# KERNEL: ASDB file was created in location /home/student/arlin/Chap_4_corrected/Done/m16_14/run/dataset.asdb
wave -rec sim:/* 
run -all;
# KERNEL: UVM_INFO @ 0: Go2UVM [Go2UVM ] RELNOTES
# KERNEL: 
# KERNEL: ----------------------------------------------------------------
# KERNEL: (C) 2004-2014 CVC Pvt Ltd. 
# KERNEL:  CVC_Go2UVM Version 1.1d.5 (CVC http://www.cvcblr.com )
# KERNEL: 
# KERNEL:   ***********       IMPORTANT RELEASE NOTES         ************
# KERNEL: 
# KERNEL:   You are using a version of the Go2UVM Package from CVC www.cvcblr.com
# KERNEL:   See http://www.go2uvm.org for more details 
# KERNEL: 
# KERNEL: ----------------------------------------------------------------
# KERNEL: UVM_INFO @ 0: reporter [RNTST] Running test ...
# KERNEL: UVM_INFO /home/student/arlin/Chap_4_corrected/Done/m16_14/uvm/uvm.sv(35) @ 0.000 ns: Go2UVM [Go2UVM] Start of reset
# KERNEL: i=          0, $sampled(i)=          10
# KERNEL: i=          1, $sampled(i)=          10
# KERNEL: i=          2, $sampled(i)=          10
# KERNEL: i=          3, $sampled(i)=          10
# KERNEL: i=          4, $sampled(i)=          10
# KERNEL: i=          5, $sampled(i)=          10
# KERNEL: i=          6, $sampled(i)=          10
# KERNEL: i=          7, $sampled(i)=          10
# KERNEL: i=          8, $sampled(i)=          10
# KERNEL: i=          9, $sampled(i)=          10
# KERNEL: Error: Assertion 'a1' FAILED at time: 10ps (1 clk), ../dut/m16_14.sv(6), scope: top.dut, start-time: 10ps (1 clk)
# KERNEL: Error: Assertion 'a2' FAILED at time: 10ps (1 clk), ../dut/m16_14.sv(7), scope: top.dut, start-time: 10ps (1 clk)
# KERNEL: Error: Assertion 'a3' FAILED at time: 10ps (1 clk), ../dut/m16_14.sv(8), scope: top.dut, start-time: 10ps (1 clk)
# KERNEL: i=          0, $sampled(i)=          10
# KERNEL: i=          1, $sampled(i)=          10
# KERNEL: i=          2, $sampled(i)=          10
# KERNEL: i=          3, $sampled(i)=          10
# KERNEL: i=          4, $sampled(i)=          10
# KERNEL: i=          5, $sampled(i)=          10
# KERNEL: i=          6, $sampled(i)=          10
# KERNEL: i=          7, $sampled(i)=          10
# KERNEL: i=          8, $sampled(i)=          10
# KERNEL: i=          9, $sampled(i)=          10
# KERNEL: Error: Assertion 'a1' FAILED at time: 30ps (2 clk), ../dut/m16_14.sv(6), scope: top.dut, start-time: 30ps (2 clk)
# KERNEL: Error: Assertion 'a2' FAILED at time: 30ps (2 clk), ../dut/m16_14.sv(7), scope: top.dut, start-time: 30ps (2 clk)
# KERNEL: Error: Assertion 'a3' FAILED at time: 30ps (2 clk), ../dut/m16_14.sv(8), scope: top.dut, start-time: 30ps (2 clk)
# KERNEL: i=          0, $sampled(i)=          10
# KERNEL: i=          1, $sampled(i)=          10
# KERNEL: i=          2, $sampled(i)=          10
# KERNEL: i=          3, $sampled(i)=          10
# KERNEL: i=          4, $sampled(i)=          10
# KERNEL: i=          5, $sampled(i)=          10
# KERNEL: i=          6, $sampled(i)=          10
# KERNEL: i=          7, $sampled(i)=          10
# KERNEL: i=          8, $sampled(i)=          10
# KERNEL: i=          9, $sampled(i)=          10
# KERNEL: Error: Assertion 'a1' FAILED at time: 50ps (3 clk), ../dut/m16_14.sv(6), scope: top.dut, start-time: 50ps (3 clk)
# KERNEL: Error: Assertion 'a2' FAILED at time: 50ps (3 clk), ../dut/m16_14.sv(7), scope: top.dut, start-time: 50ps (3 clk)
# KERNEL: Error: Assertion 'a3' FAILED at time: 50ps (3 clk), ../dut/m16_14.sv(8), scope: top.dut, start-time: 50ps (3 clk)
# KERNEL: i=          0, $sampled(i)=          10
# KERNEL: i=          1, $sampled(i)=          10
# KERNEL: i=          2, $sampled(i)=          10
# KERNEL: i=          3, $sampled(i)=          10
# KERNEL: i=          4, $sampled(i)=          10
# KERNEL: i=          5, $sampled(i)=          10
# KERNEL: i=          6, $sampled(i)=          10
# KERNEL: i=          7, $sampled(i)=          10
# KERNEL: i=          8, $sampled(i)=          10
# KERNEL: i=          9, $sampled(i)=          10
# KERNEL: Error: Assertion 'a1' FAILED at time: 70ps (4 clk), ../dut/m16_14.sv(6), scope: top.dut, start-time: 70ps (4 clk)
# KERNEL: Error: Assertion 'a2' FAILED at time: 70ps (4 clk), ../dut/m16_14.sv(7), scope: top.dut, start-time: 70ps (4 clk)
# KERNEL: Error: Assertion 'a3' FAILED at time: 70ps (4 clk), ../dut/m16_14.sv(8), scope: top.dut, start-time: 70ps (4 clk)
# KERNEL: i=          0, $sampled(i)=          10
# KERNEL: i=          1, $sampled(i)=          10
# KERNEL: i=          2, $sampled(i)=          10
# KERNEL: i=          3, $sampled(i)=          10
# KERNEL: i=          4, $sampled(i)=          10
# KERNEL: i=          5, $sampled(i)=          10
# KERNEL: i=          6, $sampled(i)=          10
# KERNEL: i=          7, $sampled(i)=          10
# KERNEL: i=          8, $sampled(i)=          10
# KERNEL: i=          9, $sampled(i)=          10
# KERNEL: Error: Assertion 'a1' FAILED at time: 90ps (5 clk), ../dut/m16_14.sv(6), scope: top.dut, start-time: 90ps (5 clk)
# KERNEL: Error: Assertion 'a2' FAILED at time: 90ps (5 clk), ../dut/m16_14.sv(7), scope: top.dut, start-time: 90ps (5 clk)
# KERNEL: Error: Assertion 'a3' FAILED at time: 90ps (5 clk), ../dut/m16_14.sv(8), scope: top.dut, start-time: 90ps (5 clk)
# KERNEL: i=          0, $sampled(i)=          10
# KERNEL: i=          1, $sampled(i)=          10
# KERNEL: i=          2, $sampled(i)=          10
# KERNEL: i=          3, $sampled(i)=          10
# KERNEL: i=          4, $sampled(i)=          10
# KERNEL: i=          5, $sampled(i)=          10
# KERNEL: i=          6, $sampled(i)=          10
# KERNEL: i=          7, $sampled(i)=          10
# KERNEL: i=          8, $sampled(i)=          10
# KERNEL: i=          9, $sampled(i)=          10
# KERNEL: Error: Assertion 'a1' FAILED at time: 110ps (6 clk), ../dut/m16_14.sv(6), scope: top.dut, start-time: 110ps (6 clk)
# KERNEL: Error: Assertion 'a2' FAILED at time: 110ps (6 clk), ../dut/m16_14.sv(7), scope: top.dut, start-time: 110ps (6 clk)
# KERNEL: Error: Assertion 'a3' FAILED at time: 110ps (6 clk), ../dut/m16_14.sv(8), scope: top.dut, start-time: 110ps (6 clk)
# KERNEL: i=          0, $sampled(i)=          10
# KERNEL: i=          1, $sampled(i)=          10
# KERNEL: i=          2, $sampled(i)=          10
# KERNEL: i=          3, $sampled(i)=          10
# KERNEL: i=          4, $sampled(i)=          10
# KERNEL: i=          5, $sampled(i)=          10
# KERNEL: i=          6, $sampled(i)=          10
# KERNEL: i=          7, $sampled(i)=          10
# KERNEL: i=          8, $sampled(i)=          10
# KERNEL: i=          9, $sampled(i)=          10
# KERNEL: Error: Assertion 'a1' FAILED at time: 130ps (7 clk), ../dut/m16_14.sv(6), scope: top.dut, start-time: 130ps (7 clk)
# KERNEL: Error: Assertion 'a2' FAILED at time: 130ps (7 clk), ../dut/m16_14.sv(7), scope: top.dut, start-time: 130ps (7 clk)
# KERNEL: Error: Assertion 'a3' FAILED at time: 130ps (7 clk), ../dut/m16_14.sv(8), scope: top.dut, start-time: 130ps (7 clk)
# KERNEL: i=          0, $sampled(i)=          10
# KERNEL: i=          1, $sampled(i)=          10
# KERNEL: i=          2, $sampled(i)=          10
# KERNEL: i=          3, $sampled(i)=          10
# KERNEL: i=          4, $sampled(i)=          10
# KERNEL: i=          5, $sampled(i)=          10
# KERNEL: i=          6, $sampled(i)=          10
# KERNEL: i=          7, $sampled(i)=          10
# KERNEL: i=          8, $sampled(i)=          10
# KERNEL: i=          9, $sampled(i)=          10
# KERNEL: Error: Assertion 'a1' FAILED at time: 150ps (8 clk), ../dut/m16_14.sv(6), scope: top.dut, start-time: 150ps (8 clk)
# KERNEL: Error: Assertion 'a2' FAILED at time: 150ps (8 clk), ../dut/m16_14.sv(7), scope: top.dut, start-time: 150ps (8 clk)
# KERNEL: Error: Assertion 'a3' FAILED at time: 150ps (8 clk), ../dut/m16_14.sv(8), scope: top.dut, start-time: 150ps (8 clk)
# KERNEL: i=          0, $sampled(i)=          10
# KERNEL: i=          1, $sampled(i)=          10
# KERNEL: i=          2, $sampled(i)=          10
# KERNEL: i=          3, $sampled(i)=          10
# KERNEL: i=          4, $sampled(i)=          10
# KERNEL: i=          5, $sampled(i)=          10
# KERNEL: i=          6, $sampled(i)=          10
# KERNEL: i=          7, $sampled(i)=          10
# KERNEL: i=          8, $sampled(i)=          10
# KERNEL: i=          9, $sampled(i)=          10
# KERNEL: Error: Assertion 'a1' FAILED at time: 170ps (9 clk), ../dut/m16_14.sv(6), scope: top.dut, start-time: 170ps (9 clk)
# KERNEL: Error: Assertion 'a2' FAILED at time: 170ps (9 clk), ../dut/m16_14.sv(7), scope: top.dut, start-time: 170ps (9 clk)
# KERNEL: Error: Assertion 'a3' FAILED at time: 170ps (9 clk), ../dut/m16_14.sv(8), scope: top.dut, start-time: 170ps (9 clk)
# KERNEL: i=          0, $sampled(i)=          10
# KERNEL: i=          1, $sampled(i)=          10
# KERNEL: i=          2, $sampled(i)=          10
# KERNEL: i=          3, $sampled(i)=          10
# KERNEL: i=          4, $sampled(i)=          10
# KERNEL: i=          5, $sampled(i)=          10
# KERNEL: i=          6, $sampled(i)=          10
# KERNEL: i=          7, $sampled(i)=          10
# KERNEL: i=          8, $sampled(i)=          10
# KERNEL: i=          9, $sampled(i)=          10
# KERNEL: UVM_INFO /home/student/arlin/Chap_4_corrected/Done/m16_14/uvm/uvm.sv(37) @ 0.190 ns: Go2UVM [Go2UVM] End of reset
# KERNEL: UVM_INFO @ 0.190 ns: Go2UVM [Go2UVM] Driving stimulus via UVM
# KERNEL: UVM_INFO /home/student/arlin/Chap_4_corrected/Done/m16_14/uvm/uvm.sv(42) @ 0.190 ns: Go2UVM [Go2UVM] Start of Test
# KERNEL: Error: Assertion 'a1' FAILED at time: 190ps (10 clk), ../dut/m16_14.sv(6), scope: top.dut, start-time: 190ps (10 clk)
# KERNEL: Error: Assertion 'a2' FAILED at time: 190ps (10 clk), ../dut/m16_14.sv(7), scope: top.dut, start-time: 190ps (10 clk)
# KERNEL: Error: Assertion 'a3' FAILED at time: 190ps (10 clk), ../dut/m16_14.sv(8), scope: top.dut, start-time: 190ps (10 clk)
# KERNEL: i=          0, $sampled(i)=          10
# KERNEL: i=          1, $sampled(i)=          10
# KERNEL: i=          2, $sampled(i)=          10
# KERNEL: i=          3, $sampled(i)=          10
# KERNEL: i=          4, $sampled(i)=          10
# KERNEL: i=          5, $sampled(i)=          10
# KERNEL: i=          6, $sampled(i)=          10
# KERNEL: i=          7, $sampled(i)=          10
# KERNEL: i=          8, $sampled(i)=          10
# KERNEL: i=          9, $sampled(i)=          10
# KERNEL: UVM_INFO /home/student/arlin/Chap_4_corrected/Done/m16_14/uvm/uvm.sv(46) @ 0.210 ns: Go2UVM [Go2UVM] End of Test
# KERNEL: UVM_INFO @ 0.210 ns: Go2UVM [Go2UVM] End of stimulus
# KERNEL: UVM_INFO @ 0.210 ns: Go2UVM [Go2UVM] Thanks for using CVC's Go2UVM Package, provide your feedback at http://www.go2uvm.org
# KERNEL: 
# KERNEL: --- UVM Report Summary ---
# KERNEL: 
# KERNEL: ** Report counts by severity
# KERNEL: UVM_INFO :    9
# KERNEL: UVM_WARNING :    0
# KERNEL: UVM_ERROR :    0
# KERNEL: UVM_FATAL :    0
# KERNEL: ** Report counts by id
# KERNEL: [Go2UVM]     7
# KERNEL: [Go2UVM ]     1
# KERNEL: [RNTST]     1
# RUNTIME: Info: RUNTIME_0068 uvm_root.svh (433): $finish called.
# KERNEL: Time: 210 ps,  Iteration: 67,  Instance: /top,  Process: @INITIAL#70_1@.
# KERNEL: stopped at time: 210 ps
# VSIM: Simulation has finished. There are no more test vectors to simulate.
quit
# VSIM: Simulation has finished.
