asim +access +rw  $UVMSIM +UVM_VERBOSITY=UVM_FULL
# ELBREAD: Elaboration process.
# ELBREAD: Warning: Module '\fifo_if \\fifo_if.fslave_if \\ \' does not have a `timescale directive, but previous modules do.
# ELBREAD: Warning: Module '\fifo_if \\fifo_if.fdrvr_if \\ \' does not have a `timescale directive, but previous modules do.
# ELBREAD: Warning: Package 'uvm_pkg' does not have a `timescale directive, but previous modules do.
# ELBREAD: Warning: Package 'vw_go2uvm_pkg' does not have a `timescale directive, but previous modules do.
# ELBREAD: Warning: Package 'fifo_pkg' does not have a `timescale directive, but previous modules do.
# ELBREAD: Warning: Package 'std' does not have a `timescale directive, but previous modules do.
# ELBREAD: Elaboration time 0.8 [s].
# KERNEL: Main thread initiated.
# KERNEL: Kernel process initialization phase.
# KERNEL: Time resolution set to 100ps.
# ELAB2: Elaboration final pass...
# KERNEL: PLI/VHPI kernel's engine initialization done.
# PLI: Loading library '/home/student/tools/eda/Riviera-PRO_2015.06/bin/libsystf.so'
# KERNEL: Info: Loading library:  /home/student/tools/eda/Riviera-PRO_2015.06/bin/uvm_1_1d_dpi
# ELAB2: Create instances ...
# ELAB2: Create instances complete.
# SLP: Started
# SLP: Elaboration phase ...
# SLP: Elaboration phase ... done : 0.1 [s]
# SLP: Generation phase ...
# SLP: Generation phase ... done : 1.0 [s]
# SLP: Finished : 1.1 [s]
# SLP: 0 primitives and 20 (47.62%) other processes in SLP
# SLP: 25 (0.09%) signals in SLP and 147 (0.55%) interface signals
# ELAB2: Elaboration final pass complete - time: 2.8 [s].
# KERNEL: SLP loading done - time: 0.0 [s].
# KERNEL: SLP simulation initialization done - time: 0.0 [s].
# KERNEL: Kernel process initialization done.
# Allocation: Simulator allocated 45901 kB (elbread=22378 elab2=21200 kernel=2321 sdf=0)
# KERNEL: ----------------------------------------------------------------
# KERNEL: UVM-1.1  d
# KERNEL: (C) 2007-2013 Mentor Graphics Corporation
# KERNEL: (C) 2007-2013 Cadence Design Systems, Inc.
# KERNEL: (C) 2006-2013 Synopsys, Inc.
# KERNEL: (C) 2011-2013 Cypress Semiconductor Corp.
# KERNEL: ----------------------------------------------------------------
# KERNEL: 
# KERNEL:   ***********       IMPORTANT RELEASE NOTES         ************
# KERNEL: 
# KERNEL:   You are using a version of the UVM library that has been compiled
# KERNEL:   with `UVM_NO_DEPRECATED undefined.
# KERNEL:   See http://www.eda.org/svdb/view.php?id=3313 for more details.
# KERNEL: 
# KERNEL:   You are using a version of the UVM library that has been compiled
# KERNEL:   with `UVM_OBJECT_MUST_HAVE_CONSTRUCTOR undefined.
# KERNEL:   See http://www.eda.org/svdb/view.php?id=3770 for more details.
# KERNEL: 
# KERNEL:       (Specify +UVM_NO_RELNOTES to turn off this notice)
# KERNEL: 
# KERNEL: Assertion failures tracking enabled, report enabled, unlimited, action Continue. Assertion passes tracking enabled, report disabled, unlimited.
# KERNEL: ASDB file was created in location /media/New Volume/Naga/chap_7_corrected/fifo_sim_fv_model/run/dataset.asdb
wave -rec sim:/* 
run -all;
# KERNEL: UVM_INFO @ 0: Go2UVM [Go2UVM ] RELNOTES
# KERNEL: 
# KERNEL: ----------------------------------------------------------------
# KERNEL: (C) 2004-2014 VerifWorks a venture of CVC Pvt Ltd. 
# KERNEL:  VW_Go2UVM Version 1.1d.5 (VerifWorks a venture of CVC Pvt Ltd http://www.verifworks.com )
# KERNEL: 
# KERNEL:   ***********       IMPORTANT RELEASE NOTES         ************
# KERNEL: 
# KERNEL:   You are using a version of the Go2UVM Package from VerifWorks a venture of CVC Pvt Ltd www.verifworks.com
# KERNEL:   See http://www.go2uvm.org for more details 
# KERNEL: 
# KERNEL: ----------------------------------------------------------------
# KERNEL: UVM_INFO @ 0: reporter [RNTST] Running test ...
# KERNEL: UVM_WARNING @ 0.000 ns: Go2UVM [Go2UVM] No implementation found for reset method. It is recommended to add reset driving logic to the extended class task reset; See user guide or http://www.verifworks.com for more information
# KERNEL: UVM_INFO @ 0.000 ns: Go2UVM [Go2UVM] Driving stimulus via UVM
# KERNEL: 110.000 ns top.b_if.push_task Push data 12153524 
# KERNEL: 130.000 ns top.b_if.push_task Push data b 
# KERNEL: 150.000 ns top.b_if.push_task Push data 8484d609 
# KERNEL: 170.000 ns top.b_if.push_task Push data b 
# KERNEL: 190.000 ns top.b_if.push_task Push data 6b97b0d 
# KERNEL: 250.000 ns top.b_if.push_task Push data b 
# KERNEL: 270.000 ns top.b_if.push_task Push data b2c28465 
# KERNEL: 290.000 ns top.b_if.push_task Push data b 
# KERNEL: Error: Assertion 'ap_pop_error_1' FAILED at time: 330ns (17 clk), ../src/fifo_rtl.sv(46), scope: top.dut, start-time: 330ns (17 clk)
# KERNEL: Error: Assertion 'ap_pop_error' FAILED at time: 330ns (17 clk), ../src/fifo_if.sv(89), scope: top.b_if, start-time: 330ns (17 clk)
# KERNEL: Error: Assertion 'ap_pop_error_1' FAILED at time: 370ns (19 clk), ../src/fifo_rtl.sv(46), scope: top.dut, start-time: 370ns (19 clk)
# KERNEL: Error: Assertion 'ap_pop_error' FAILED at time: 370ns (19 clk), ../src/fifo_if.sv(89), scope: top.b_if, start-time: 370ns (19 clk)
# KERNEL: Error: Assertion 'ap_pop_error_1' FAILED at time: 470ns (24 clk), ../src/fifo_rtl.sv(46), scope: top.dut, start-time: 470ns (24 clk)
# KERNEL: Error: Assertion 'ap_pop_error' FAILED at time: 470ns (24 clk), ../src/fifo_if.sv(89), scope: top.b_if, start-time: 470ns (24 clk)
# KERNEL: Error: Immediate assert condition 'a_illegal_fifo_cmd_1' FAILED at time: 550ns, ../src/fifo_rtl.sv(90), scope: fifo_tb.fifo_rtl_1
# KERNEL: Warning: /media/New Volume/Naga/chap_7_corrected/fifo_sim_fv_model/src/fifo_rtl.sv (91): 550.000 ns fifo_tb.fifo_rtl_1 Meta value detected in FIFO command, push_pop xx 
# KERNEL: 550.000 ns fifo_tb.b_if.push_task Push data 1e8dcd3d 
# KERNEL: Error: Assertion 'ap_pop_error_1' FAILED at time: 550ns (28 clk), ../src/fifo_rtl.sv(46), scope: top.dut, start-time: 550ns (28 clk)
# KERNEL: Error: Assertion 'ap_pop_error' FAILED at time: 550ns (28 clk), ../src/fifo_if.sv(89), scope: top.b_if, start-time: 550ns (28 clk)
# KERNEL: 650.000 ns fifo_tb.b_if.push_task Push data b 
# KERNEL: Error: Assertion 'ap_pop_error_1' FAILED at time: 650ns (33 clk), ../src/fifo_rtl.sv(46), scope: top.dut, start-time: 650ns (33 clk)
# KERNEL: Error: Assertion 'ap_pop_error' FAILED at time: 650ns (33 clk), ../src/fifo_if.sv(89), scope: top.b_if, start-time: 650ns (33 clk)
# KERNEL: 670.000 ns top.b_if.push_task Push data ffffffea 
# KERNEL: 690.000 ns top.b_if.push_task Push data fffffff2 
# KERNEL: Error: Assertion 'ap_pop_error_1' FAILED at time: 730ns (37 clk), ../src/fifo_rtl.sv(46), scope: top.dut, start-time: 730ns (37 clk)
# KERNEL: Error: Assertion 'ap_pop_error' FAILED at time: 730ns (37 clk), ../src/fifo_if.sv(89), scope: top.b_if, start-time: 730ns (37 clk)
# KERNEL: 750.000 ns fifo_tb.b_if.push_task Push data de8e28bd 
# KERNEL: Error: Assertion 'ap_pop_error_1' FAILED at time: 750ns (38 clk), ../src/fifo_rtl.sv(46), scope: top.dut, start-time: 750ns (38 clk)
# KERNEL: Error: Assertion 'ap_pop_error' FAILED at time: 750ns (38 clk), ../src/fifo_if.sv(89), scope: top.b_if, start-time: 750ns (38 clk)
# KERNEL: UVM_INFO @ 770.000 ns: Go2UVM [Go2UVM] End of stimulus
# KERNEL: UVM_INFO @ 770.000 ns: Go2UVM [Go2UVM] Thanks for using VW's Go2UVM Package, provide your feedback at http://www.go2uvm.org
# KERNEL: 
# KERNEL: --- UVM Report Summary ---
# KERNEL: 
# KERNEL: ** Report counts by severity
# KERNEL: UVM_INFO :    5
# KERNEL: UVM_WARNING :    1
# KERNEL: UVM_ERROR :    0
# KERNEL: UVM_FATAL :    0
# KERNEL: ** Report counts by id
# KERNEL: [Go2UVM]     4
# KERNEL: [Go2UVM ]     1
# KERNEL: [RNTST]     1
# RUNTIME: Info: RUNTIME_0068 uvm_root.svh (433): $finish called.
# KERNEL: Time: 770 ns,  Iteration: 69,  Instance: /top,  Process: @INITIAL#115_1@.
# KERNEL: stopped at time: 770 ns
# VSIM: Simulation has finished. There are no more test vectors to simulate.
quit
# VSIM: Simulation has finished.
